10 0 249 80 259 260 285 156 213 209 247
2 296 64
8 180 85 14 50 11 192 288 194
5 216 212 75 255 229
1 167
2 54 173
1 168
7 116 81 219 59 297 206 208
1 108
2 87 248
1 34
1 275
1 41
1 164
2 184 118
1 99
4 103 123 153 183
1 110
1 88
4 72 61 160 240
4 294 162 127 264
5 148 86 279 37 189
3 8 251 211
2 4 77
2 7 252
4 159 287 55 43
3 134 186 2
4 203 95 254 93
3 161 9 175
2 13 51
1 133
4 246 115 84 165
10 62 82 243 197 237 48 215 30 233 178
1 286
1 299
3 210 202 191
4 276 290 238 289
1 24
1 136
1 92
1 220
4 58 15 83 31
2 137 46
1 227
4 273 295 27 22
2 218 147
2 193 52
3 150 262 135
3 107 63 280
1 74
3 105 236 100
1 144
1 225
3 18 223 67
1 171
1 56
1 125
1 187
3 60 139 130
3 19 283 17
1 38
2 261 291
2 200 26
1 263
2 198 69
2 57 176
2 44 250
3 245 157 66
1 267
2 79 268
3 129 117 270
12 226 21 23 140 25 201 205 12 71 126 272 151
3 224 96 269
4 113 298 20 292
2 91 122
11 39 177 73 42 119 112 242 196 47 143 49
2 232 195
3 188 109 235
4 281 258 5 231
3 277 3 124
6 282 121 111 35 78 152
1 166
3 32 158 138
7 174 182 142 228 97 1 169
1 53
3 214 207 45
6 230 190 70 16 106 104
6 284 185 68 89 278 274
2 29 163
4 102 90 149 132
11 244 271 170 114 101 131 98 141 256 293 257
2 128 199
2 241 253
2 28 222
2 204 76
1 217
2 40 120
9 146 6 10 181 265 145 155 154 94
1 172
2 239 266
