13 8890 1325 5052 116 8065 5236 8478 5787 79 2592 9061 3284 8069
12 8670 1320 5590 2668 9275 4431 4563 8295 3853 5202 1931 5224
3 2384 3827 8865
9 7468 5550 4551 844 3206 8279 5011 8862 2152
2 7013 9824
12 1135 2461 3419 7247 5414 5912 5773 5316 5889 9960 6154 4040
3 8773 1626 3737
9 7227 5925 6435 9413 5831 3719 3223 1137 9536
9 2418 367 2148 9807 8384 16 9977 3012 8540
2 3654 180
8 8227 2290 9660 7268 5363 6955 9304 7834
4 9121 3088 5446 9243
11 7716 5284 3900 3118 6417 6005 1129 6676 5334 5788 2090
3 6252 4070 7773
5 719 1376 1174 3528 9476
11 2176 9924 5612 6945 8716 3835 2968 1526 7459 3120 7681
3 4679 5371 9803
8 6321 7940 600 1763 8946 229 7519 638
3 563 9763 1344
3 1178 9251 7678
2 3647 5513
7 3321 9021 2481 6207 1356 4054 2130
3 7109 9925 2939
8 7948 451 1014 4284 6464 1805 6539 3035
8 3578 2288 5492 6118 8866 6650 2664 3698
3 3696 9044 4818
3 6031 9252 6686
7 9550 8303 2987 8053 7983 5063 204
3 6403 1381 4557
3 2015 7444 820
4 6039 3341 392 1084
6 4829 8968 1983 4311 3041 1868
10 5991 1058 8032 4239 9389 1969 5707 2609 7996 5459
3 7913 3362 7433
6 2736 5623 416 6559 5596 5926
7 1105 8306 7719 8265 8964 3792 3984
3 8758 4027 3064
10 311 3936 932 1987 4193 8451 6624 7057 8275 3857
3 9913 2212 3491
9 7325 33 8944 5126 6096 4479 4341 8122 4399
6 3202 2583 2888 5339 4671 8120
3 8878 8192 5886
7 9459 6594 3662 5930 2929 9117 4662
3 9449 7464 8596
4 5649 5441 3224 8594
6 8184 3760 7310 2098 9827 9721
2 3358 4325
2 8965 4469
4 8578 6190 7568 5538
2 1563 5903
3 7862 4411 1114
2 3708 5226
6 8967 7317 4447 1195 1573 7472
9 549 8086 9402 4648 9845 9636 6744 7147 3286
13 1776 8271 817 8021 1625 5887 2056 8348 1922 9076 3890 8893 6840
21 2735 9020 1200 9705 9625 6023 8412 4872 369 1431 1875 2684 9055 3187 7291 5960 1092 5563 9220 1456 2964
3 4948 9483 2445
10 1192 9501 5918 7954 6577 5048 9555 944 5331 6869
4 9927 7261 3264 2138
2 4644 6544
9 5480 6684 8657 5750 9266 7416 5551 1559 20
2 7575 9723
13 3580 610 3170 2401 839 1777 9042 1565 5426 4068 3163 894 4417
21 3090 9626 655 1580 8772 2639 7386 8652 5844 9238 4832 3173 8431 5080 9245 6259 5762 7788 3179 7744 1088
3 768 7779 4646
23 7957 6952 8766 3616 8034 9419 9537 5838 2673 7048 6657 1166 6085 2596 2567 5136 3137 5509 4380 8341 6470 2326 2509
4 6912 9377 3762 5524
18 1209 5881 2780 4153 5602 6526 4024 7682 3731 4072 7630 1428 6509 7997 1021 1427 7182 1552
12 1560 5402 2788 5517 3833 4493 8788 9787 5653 1939 2922 8625
12 9313 6900 2455 4761 5054 2982 871 7150 5008 688 6855 6834
19 5934 6767 8832 8157 7086 3783 511 354 4366 105 8237 6680 9403 5851 7280 9519 0 5821 1185
21 3055 3239 2663 7692 7856 3102 7693 1568 4937 4942 5810 9092 4351 2416 604 1144 6817 2133 7410 8235 6770
3 2573 5884 7676
13 6466 3005 5572 8370 5017 6409 7438 9737 8571 301 4901 1858 6087
12 5018 5615 9996 874 9385 2981 6515 1180 2488 6294 9374 3883
16 4058 9291 6849 2928 7372 5541 3199 2178 9464 6247 6850 5211 2851 262 3272 3288
5 2297 1844 6595 1115 2457
2 3608 7581
25 4758 554 4246 6703 4171 9134 9900 1412 3326 5998 9298 4019 612 3595 996 3788 6555 8757 6303 8836 5946 3718 5745 4799 4649
20 1273 2313 3426 8823 417 3840 6498 7162 8665 4063 2907 2670 4992 8153 8107 2454 8568 5813 8251 1652
2 666 2053
22 7929 9207 4410 3666 9190 8445 4099 1436 847 4147 8218 8108 7101 7556 8010 9398 9726 9585 8619 2337 6371 6524
24 8292 6361 419 4764 8151 7808 40 949 8316 1688 777 6447 4675 3356 6947 6037 2995 4626 5644 5897 3681 5130 669 1961
14 4309 3409 9452 8892 9495 6245 908 8553 1274 9431 4680 5753 3558 383
22 1867 6780 1223 9104 830 7737 6357 6380 8761 9652 1051 4128 9083 2142 5738 2549 1462 9966 6015 831 1056 1758
18 2519 1637 9087 502 2518 1628 9130 4017 2527 7014 8819 2777 7635 8886 7844 4390 8606 3237
23 6381 4882 956 1667 9832 1232 5701 1443 5070 4087 9421 515 9718 9170 3158 7706 7589 8270 7121 3046 8365 3679 9484
14 5970 8149 7553 965 8274 35 5662 3778 5780 3837 9791 1153 3478 2764
23 9563 9187 5744 9316 4285 4869 9751 9127 595 5298 2796 8743 8624 7192 9821 9653 9578 8006 1280 7859 7242 7069 3611
19 6822 9698 2605 9654 4658 9118 8615 4344 5465 698 3292 9943 6560 71 6564 9642 5604 3633 7496
24 5324 9733 5535 7883 4587 5453 3215 7043 6359 8953 2234 5582 4092 7521 6572 6511 6184 1126 1085 143 6576 1327 4140 5127
2 6377 9360
12 2465 3236 5698 2198 8410 1430 2984 494 8815 454 923 7641
15 4078 9670 2748 3572 5771 5282 4404 6402 1553 876 6114 4802 8958 798 7458
26 4435 1815 4260 1530 9951 3047 1222 6584 8504 46 7041 7066 6677 3750 6775 5730 5785 1042 9363 9856 2071 393 291 4364 3591 4241
24 187 5027 8521 2600 2741 8951 775 7769 6161 5933 8266 9029 3625 4345 9230 2124 8678 850 4176 6035 4691 6074 5020 4803
9 5983 6668 5640 2083 2879 9067 6819 8943 181
2 3147 1159
6 1040 4475 9920 1206 7122 3870
23 7657 6269 7116 9538 8642 380 6081 1256 5386 10 2373 9534 6859 8387 647 7919 8805 3868 1594 7673 4977 8870 1887
25 6663 6485 3196 9171 6643 5866 3784 6331 6882 1504 9433 3714 8492 3813 7560 1816 2428 8752 5544 4134 2820 1788 9119 869 795
12 4525 2123 271 332 9503 7239 8605 7359 7725 6065 2049 3819
8 2718 5157 8755 7304 2830 5078 5896 2627
21 7070 7864 7104 6206 2440 6984 6058 645 8529 353 2612 2407 4235 6387 7363 9748 1936 2858 1426 5348 7899
25 6689 6338 6026 552 9546 907 374 1595 6218 352 2319 6921 5167 8299 3935 3448 3074 3927 8056 1957 3180 7390 5900 2203 5225
20 3629 3697 2520 3866 5120 4782 7190 4957 4713 7558 5724 5374 9160 4121 1035 8632 6397 8929 9764 3620
23 4839 9406 4920 6842 208 1106 102 6698 4328 3754 2052 5794 2702 9978 5106 9211 6611 4600 7518 8891 2698 6917 5190
2 7804 5067
6 6670 3311 2523 3557 9186 7482
24 1757 5218 9473 5006 5554 7580 3554 8791 6454 161 6989 5279 883 7659 9321 7352 9548 3519 8561 1007 5776 1400 6322 6314
23 88 5510 5240 100 3993 7245 300 2979 6727 8014 3992 1041 9299 5747 6928 9899 418 5 3322 6445 898 2310 8113
26 474 2507 1372 7602 4806 4585 3057 9276 5082 3451 4664 4302 4472 3597 4845 1702 8121 5687 5638 6427 101 269 973 2993 1350 336
13 8477 1170 7638 3991 428 2167 7337 9381 799 4470 9848 6801 8000
21 3607 3276 5487 9813 9297 6710 9757 9681 9345 7344 7387 377 2370 9658 3323 4936 5384 4005 5072 1751 446
9 423 5034 2422 5049 1326 7579 3325 3751 7061
18 1992 2278 9286 2036 4656 6537 708 8506 2790 194 6301 5801 4438 3337 9601 8762 1642 8622
13 3371 113 9544 481 2782 1102 2654 584 6583 2656 4049 2287 4332
9 9847 7198 7329 7196 1067 2469 3455 3975 247
25 2247 2828 9974 128 6029 6101 2776 709 7642 4828 6925 2444 6312 6891 7351 3919 2676 3209 8914 1362 787 1258 298 4339 5953
13 2061 3049 8262 6455 8786 8536 856 8995 9833 8780 8793 7655 9525
13 303 1414 3976 9965 1221 497 9180 3680 5830 5064 2710 4810 766
25 8175 8435 9805 1994 2799 5228 9033 4034 691 1700 5995 8500 3845 6820 8933 2911 6790 2483 3166 804 3533 3304 5159 6350 748
23 606 5060 9795 6438 4652 7759 8190 7933 7903 8272 912 7259 8904 2144 3374 7747 1925 9599 5949 4808 6717 4286 5179
22 6412 2531 1489 2181 3721 1745 9858 6268 833 6751 774 5314 8359 3980 1321 1744 5736 6501 2637 1473 4281 8238
12 9752 1406 4455 1995 533 3398 9497 657 137 9740 7042 1646
25 3549 19 5566 6182 4643 6896 6784 3793 147 1752 9516 8193 5804 7009 6679 8081 2587 4148 9713 7850 3612 6482 3730 994 5003
12 8731 4984 1689 6410 5732 3566 6647 4138 6285 7533 3825 8232
22 4071 1227 1984 7698 2250 1910 475 8523 9458 2126 5099 9056 235 8917 8576 1806 884 651 9861 5322 329 3850
25 1138 8489 8020 6068 41 3585 483 8989 8155 1845 7134 8263 7830 1199 9270 3752 4173 4468 2510 8565 3957 73 488 1087 1662
2 8711 1855
12 9679 4781 8715 4624 935 984 8245 1027 5688 7136 6782 7038
14 9619 1838 2714 3891 2147 9071 2132 3669 3507 1956 4242 7968 8260 8778
23 2883 2603 6836 7567 172 9018 8421 1762 1746 7941 252 9143 2722 2478 1525 8115 6225 1659 9883 2902 6521 4599 2617
18 5335 2975 7249 9640 3966 4409 9037 1537 9647 2966 2368 6699 5470 2582 3330 2812 1586 8722
19 3442 6843 7406 1804 9830 989 4705 6580 2406 9505 4496 3216 4698 4824 4100 129 8982 8070 1408
13 5235 8055 8426 8902 9804 5593 310 3071 9609 6976 7742 5937 7825
13 5868 1879 3990 5654 7768 6536 8546 6463 2354 4542 3690 2529 1437
25 7965 7451 5205 8530 1686 2802 2753 1521 7794 6094 1715 5143 5670 8903 3360 9053 7942 4169 3642 3613 2550 9010 4570 6606 8740
14 1097 7180 6558 9412 9556 435 9586 5344 2343 943 1599 5312 9909 7441
9 2917 7028 8848 6851 1524 5920 4405 8111 8330
21 5440 3579 9306 5507 439 7690 2577 6512 9158 8851 3624 7267 9072 3650 3809 2269 5625 226 424 3063 8463
19 5717 5902 6450 7574 8816 7686 4914 9341 9576 8820 6104 5391 5561 4727 5997 5828 5296 6 1020
22 6277 2536 6786 8419 1963 7382 5503 5837 3434 6248 2246 1071 8097 6102 43 1554 620 5461 7836 432 6158 5661
15 8950 8587 3651 7846 1142 4228 5711 7113 4317 4367 2353 3965 3791 1923 144
11 2720 9852 1588 2690 498 2881 9138 3694 3767 4736 5467
25 519 3875 3270 225 4986 2578 2275 715 4236 2402 5619 5016 3487 4423 9945 2378 361 4142 6028 5024 13 1377 2069 7115 4197
18 3167 7188 3073 7870 9549 9064 7364 5650 3122 1660 8334 5734 5877 1666 3504 7218 5325 6665
23 9409 739 5069 85 6422 1182 6098 2467 5105 2034 3847 5117 4280 8598 7420 3598 6688 9124 2703 3941 5493 2926 4042
25 2432 945 5089 9769 1386 3542 7211 4139 3970 6336 5861 4397 9038 3454 744 2431 1033 322 6075 5151 5010 7878 9058 8808 7393
3 1269 3381 6753
19 9003 3596 892 9926 6186 4028 2323 3802 4119 8413 9810 6462 1854 9231 4492 5898 9760 6914 8119
22 7952 3168 3575 608 8351 3816 6021 5756 348 5628 1768 7498 5176 5532 8881 8297 5164 4774 4412 2615 3134 6461
13 3817 1121 482 4826 849 559 7019 4123 819 5658 684 1789 1022
19 5693 4098 9768 8328 7255 6474 5712 3022 1346 3439 6868 2769 7195 2876 4373 486 31 3265 1285
7 6541 1724 5491 7319 211 2412 9520
22 6901 1447 1630 2856 1601 7628 3194 8795 990 9284 4924 5201 8534 4340 3844 3805 3889 2136 4678 360 6384 6127
2 7108 4796
12 3307 7993 6740 5377 4065 6591 9148 752 8226 9123 9736 3349
19 9976 3640 3424 1218 2537 5668 6523 7448 3952 2680 2882 938 6540 3926 7753 4361 2593 2298 4929
13 9514 6658 1251 1869 3632 8464 4704 3530 8895 5975 3559 3928 1726
13 672 1852 6756 6420 1111 3433 9897 4559 2099 4427 2329 6242 8331
14 6198 8787 2899 6741 4848 9105 3066 7994 1422 5910 4772 5864 1682 2709
24 2316 1609 3329 1527 7554 2967 5539 3789 5409 7882 8505 5380 9784 7672 5908 5346 3256 4672 1481 6616 4320 8753 7855 2210
20 5445 7889 3951 5285 5957 1723 146 4403 8259 1415 1891 4773 3570 1229 9682 5330 5518 5197 6477 437
24 1066 9696 5187 9202 3477 3435 3839 8257 8288 2969 4117 929 3235 495 8248 5396 9961 191 5215 259 4968 7577 5361 7700
2 1803 9287
21 375 7186 7129 3461 7666 8133 640 1913 6886 1864 2330 320 3536 2063 581 6124 6543 9840 8230 5891 8308
24 2571 6747 1030 5025 3105 4376 5627 8681 7253 3482 3524 9896 1096 9089 9397 155 2003 6229 4152 3081 3492 8666 5683 7601
25 2695 3667 4935 8338 3370 5267 2831 5116 2209 6848 2374 5092 8343 1946 4876 28 6224 6972 764 4230 6535 1074 7051 7918 3238
21 5192 7612 8309 290 6356 9182 8785 1453 7503 6999 538 1416 1034 3959 9456 558 2405 609 2300 3903 5244
7 7561 6662 5237 1421 9579 4301 5254
22 1315 8736 9401 5352 5263 7135 2291 8510 6134 6883 2154 2740 7265 8294 5401 5820 3280 6355 5676 6019 4779 4846
21 1515 6189 8574 975 3108 2261 753 2653 6805 6832 979 2557 4625 1132 8822 5326 3515 5141 3702 7476 5404
20 6002 206 1276 802 846 4115 5428 8037 7633 9273 3210 7296 6974 5763 8471 9788 4763 7056 8397 2822
23 6263 4885 2711 2904 9254 6771 982 5012 1693 9156 2270 7513 8843 1772 6325 813 5152 8900 8240 1847 438 8726 7938
19 7499 2399 3605 4602 7847 1281 3949 7143 9624 880 7707 9153 6320 631 8999 5664 8581 7784 5230
11 1335 7512 5500 8224 6634 8035 39 3824 9831 6991 5370
23 7401 3197 4233 615 8059 8042 7840 1311 254 2192 7080 9324 8745 4539 510 687 54 2811 1542 8837 1341 7789 998
24 9675 3918 5113 3565 3026 6601 3493 2105 4858 1710 3476 3547 4209 7842 7285 1358 470 3001 3728 5248 4753 5536 5961 302
12 5300 7230 8573 2783 2382 7663 9100 2240 2760 8661 1670 3367
5 700 726 4084 1023 5478
11 713 3294 6951 9815 601 8609 9232 7342 5909 594 4321
16 9084 6418 9666 3068 6922 7668 4854 7816 4249 9644 7924 940 4898 5281 6230 5173
13 8708 3384 9255 150 6563 1977 8940 8493 1016 613 5985 9290 8558
24 4742 3786 3842 671 529 2385 4541 9101 3261 4767 6864 2835 9205 8721 8141 3973 7461 2514 4668 5754 7813 6644 8879 7487
24 6831 8932 4437 2681 8079 1245 1352 1587 3165 5835 987 6898 2931 1394 8165 6813 2018 6887 450 822 188 7705 3771 8947
18 7475 8784 6012 5156 4595 4615 9151 1282 4314 6678 7125 7330 5802 9528 1940 5811 7146 3014
21 6815 8425 7312 8093 5779 2651 7203 9731 3981 5481 3031 3293 7062 3682 9471 3810 14 7978 4252 762 2983
7 7429 2538 8566 1363 1177 1143 8402
6 7119 7711 864 3334 233 5968
24 3253 3546 9691 7637 4225 5477 1201 6305 7732 572 4477 6460 1299 5486 6602 173 2214 179 7775 8095 4172 5463 3688 4432
21 1005 6656 7117 5777 1500 3615 5433 4326 3205 2809 8182 2923 9826 7528 8704 5570 8845 9301 2502 6060 4023
25 5497 9320 2635 4749 6639 1250 7445 969 1943 7366 8918 3174 3159 5577 8512 6276 6318 8483 9373 8322 1795 8658 4759 6191 5817
6 4214 6794 9463 4255 2751 2430
23 4094 6296 6638 8403 9684 1862 397 2867 1791 202 6824 6281 5166 6561 2127 1749 4240 5258 6335 5431 1204 1060 6419
4 3693 7891 9349 8824
22 2920 4867 6818 3906 6985 2781 9561 4355 1098 8150 8063 6059 9739 6282 4762 815 6099 1303 7989 2677 6792 9439
20 622 7709 3148 6159 3475 9314 950 5913 607 7516 21 1819 3277 4569 7703 7835 8913 1478 8278 7437
11 117 1024 3849 1970 4029 6550 7535 8373 6319 4868 5790
25 9707 109 6705 2900 5766 7777 6280 3675 4163 402 8659 7004 7626 3593 9780 6530 4748 9989 5185 1759 5599 5485 2277 5432 3042
13 8329 6502 8323 661 5540 5516 4107 5124 7778 408 7015 8147 913
24 568 2429 7236 381 611 5799 7096 9263 3099 8864 1960 8662 8687 6617 8281 5475 3363 7736 4174 4510 4333 1919 1935 9993
14 4601 5636 1518 9657 3051 8167 7988 8667 1709 6495 1316 1289 389 2669
11 5086 5990 5890 9030 3740 1 3315 7176 249 3635 2265
12 5299 1090 7314 6430 7097 3086 2088 9257 9648 8949 2155 7053
22 2135 5808 9045 2497 7683 5783 7246 9068 992 2415 6041 6389 4768 5559 1889 8828 4051 1108 2749 5412 4476 5376
17 1305 5746 8835 1908 9524 8747 7494 3393 9741 1561 9462 7497 9754 7771 8139 995 6441
20 8640 7687 7704 6128 164 5678 7479 553 6243 7872 7627 816 1818 25 7367 3320 7720 6614 4811 1304
5 8102 3655 5562 8253 8618
26 4379 219 4833 6739 8368 8575 92 1294 3062 4756 7629 9912 3465 3186 5097 2364 3917 7718 5053 2936 9580 3742 2516 7467 1452 6828
10 8703 5743 1100 7927 1564 5158 4709 636 1695 6090
13 3855 1773 6877 209 4629 7453 9699 5489 5257 2100 4220 5232 7228
21 2949 2079 9595 4299 4250 32 5495 6313 2602 1239 2315 3534 6116 7189 6362 3552 9865 702 5198 1385 9891
22 8310 530 8346 4064 2570 1175 241 1349 7282 6172 4159 1979 9026 1551 6823 1780 2091 9903 2096 6845 1894 5646
11 7861 9851 4164 8588 8614 4940 3169 2954 6197 8599 7621
6 306 2182 4926 8195 7979 1962
22 677 6425 2927 1733 4593 7595 8542 2548 9790 4443 3271 7250 3525 5761 4238 5338 7290 1813 7992 9294 5293 532
20 5860 95 9680 1729 9743 2217 8806 3759 3429 5608 6306 836 3438 4925 5597 1893 3864 4823 1439 7105
20 6916 3263 1997 1233 98 2059 1487 7010 6426 6056 4840 7510 3828 2476 3091 8215 8934 6911 4127 2862
22 4059 4200 409 5888 9557 2999 3818 127 2675 5684 5610 1747 7757 928 8064 1623 7511 4952 1808 6687 4751 7154
17 4494 8698 9012 5090 199 6903 4639 6946 9478 3722 2805 285 7599 2678 1713 4337 8433
24 9325 1438 5996 2787 6034 2613 1511 1475 9031 8214 9157 2498 5031 2413 2462 2524 198 8126 7478 6014 1156 6323 9770 7181
19 7956 6139 1593 6003 780 3050 1634 267 967 5021 7316 1781 8935 5705 264 9999 9451 8345 8569
21 4150 3410 3541 2973 6711 7085 3036 330 6132 9062 550 8339 776 9862 5000 7815 7854 879 6226 6514 4778
24 1543 2641 6360 4558 2235 152 2997 6967 1369 7477 4244 2121 8767 5268 6513 9295 5980 3431 9047 5084 5749 9878 3229 207
20 4008 3490 3200 2305 3414 5751 9364 5962 6907 9659 4274 1882 7536 5255 1216 4998 148 5531 6603 7391
26 9140 8213 697 6749 4101 8831 5656 9375 2011 106 2525 1393 15 153 5520 4915 3736 9895 3852 6773 5378 8888 5834 7733 7615 3871
23 6783 8713 2245 4318 9617 7730 8300 2948 3394 6203 1871 4221 4715 1769 8931 9081 8199 9448 3441 3390 2819 464 2038
21 9888 3462 3938 1792 2180 2207 9159 7274 7762 5306 6452 2694 2285 2283 7050 9664 8441 926 165 1633 562
6 5245 1002 7909 7828 4269 8907
19 9305 4223 6069 8085 3583 6119 2119 8585 9639 9322 946 4950 1610 4573 9253 3703 1118 7904 8607
27 1978 7064 7156 5112 2425 5351 3807 7208 6809 6272 9262 1937 5941 5708 9998 6696 1814 3968 8325 3634 6936 8162 2865 1213 2697 3848 3950
17 6807 6110 3024 8040 5686 6141 6078 7665 3181 6562 5815 680 589 1821 6520 7600 1107
13 7928 2838 5710 4421 6942 4657 7277 141 5764 4744 350 3508 1284
20 3156 2106 5699 3915 6615 5107 2916 9645 4965 6674 4561 2645 8986 8906 6072 3324 2491 807 9099 1293
24 6228 7849 2963 8219 9872 9492 8876 3098 7315 9264 3811 3782 6038 8437 4025 1119 5103 6768 4548 8468 3571 2773 1705 2223
19 7399 7293 4170 4575 1640 4202 1873 9949 4245 5238 4857 7501 1513 9929 9258 4465 4052 3111 4700
6 3030 2589 3104 5307 1246 9515
13 7040 5393 6004 6669 3512 6173 1676 9418 3113 2886 1095 1760 9454
23 3555 1605 245 6392 2409 8187 2033 5087 115 9849 4944 2057 1283 1073 5484 539 2162 2204 8971 2196 6994 8633 5647
14 3444 6804 7430 9487 9353 656 2706 633 3278 7610 2125 9732 6499 7376
19 4618 7243 6000 4291 2442 5135 4371 6962 8023 3609 9376 7094 8077 6256 5223 7127 5812 1849 8490
12 273 4630 1904 951 6503 6009 9392 8798 9687 3027 4419 9910
20 6695 2293 6192 3544 3191 8856 8937 3117 3345 5622 3469 7650 3905 9533 905 4175 440 5669 8080 784
14 8962 1323 400 493 4830 9346 1836 8729 1086 1484 4967 455 7951 4488
12 2869 8024 2512 1697 4154 9735 2541 3297 8885 6889 2806 1645
12 6724 6044 4387 2426 6239 9109 3225 1582 9307 242 8374 2840
21 3869 4546 5892 596 266 986 1181 1160 542 7727 1297 6932 26 985 257 4144 324 3676 6214 1663 7623
10 734 2324 1013 7585 47 1252 8173 5382 7383 7362
12 9393 5189 3188 1240 4673 2754 3468 7679 6274 7680 6622 1018
25 7463 9628 169 9678 3190 8116 8220 8860 509 8072 8551 7790 8749 1535 3590 4030 2050 4647 5703 3343 8503 7426 1359 6051 4393
20 4855 3921 7787 761 2464 8094 674 6121 1679 7749 7090 78 2004 9588 4015 7947 2433 9714 8718 5973
12 8518 9469 1313 3445 7193 2473 9135 8244 8481 6692 693 4604
26 9216 4056 9633 5212 9871 7685 3112 4372 7209 7276 444 9822 7754 65 7793 2715 7340 1026 6578 964 2342 9540 9567 3637 9146 1540
4 6745 1817 9915 757
11 84 699 2006 6164 5425 1260 7174 1046 8996 1037 8047
22 4377 135 4880 853 8737 4213 2842 355 4453 4628 9163 8532 4335 3004 5648 3526 8394 1990 1390 2376 471 7460
21 5769 8382 4016 9562 2060 8353 9964 4441 4224 2037 2765 5502 4082 6363 2487 8389 5883 4735 6518 1680 2853
23 920 8484 9164 6446 9527 9209 1169 8694 8827 1004 8007 2599 694 6264 8344 9919 8759 5229 3143 9615 535 2032 2868
10 4637 190 8978 6125 977 1835 5557 3709 1722 4490
19 769 3885 4137 895 6261 66 7425 1944 7490 4608 5479 7520 588 5178 1367 7295 441 6032 3619
1 4887
26 4090 5213 9078 3411 7323 8796 2140 3038 3082 8191 942 7697 5045 6157 7164 6262 412 1253 7071 1764 2759 6761 3023 8538 5294 8910
8 3988 4583 8774 2495 4815 6645 7534 9868
22 4307 4794 4050 6352 9511 9116 5291 8379 7456 5603 3867 7898 614 1435 4730 9755 6935 2889 5320 1354 8156 4177
13 1833 3249 5359 3865 3017 9613 415 379 4420 4554 2002 1622 2563
18 4842 9166 6924 7631 1830 9485 3453 921 1474 5847 6416 5635 6995 5950 4022 3252 9569 1823
14 222 4194 6255 7876 5829 9457 3940 7811 5394 2933 9880 9686 9509 89
24 6706 2791 4910 7465 5182 7172 5234 9738 5375 4256 8782 4971 9379 9607 4204 6880 6431 8170 1615 7059 6217 5842 5138 6702
13 5885 2942 8277 3910 6473 6340 5621 1459 7506 3898 9129 722 7625
21 6961 8557 4706 248 3830 3717 1627 5674 4503 578 7078 3432 3689 723 9933 2202 4900 6291 1579 579 750
12 957 5971 5358 2230 3354 6875 4482 881 388 5969 5471 4133
13 4894 7428 4196 4349 9869 1755 952 81 2977 3145 5573 644 1254
24 24 6329 8236 1079 751 8882 9742 2453 3146 9192 1787 8475 9661 42 8231 1765 3407 312 2872 5044 1732 7235 9004 3517
25 29 6404 3160 6307 3083 7092 2696 2771 4724 659 2156 4104 8460 9225 6683 9175 8432 9453 3472 2970 7667 8839 707 8959 7980
23 1664 2233 6457 2041 2077 7034 7901 3290 8970 843 9553 6793 3221 9547 8335 7130 6010 7233 2815 1536 828 8641 7036
17 297 394 9543 326 1508 8110 9065 5241 4584 2128 5171 6830 5498 8340 1706 4181 2463
3 2944 1208 2528
18 2356 5875 2143 3403 6265 9382 8653 9819 156 6066 8239 7368 7782 8048 1131 9750 1015 5894
7 8204 8029 4511 1959 9702 23 9693
7 8088 9189 4079 3084 7358 4556 3172
23 5424 9602 8637 3420 3701 6024 7916 3531 3228 6178 1831 4365 8009 9583 1423 6545 7157 6720 2474 756 9552 8838 3427
13 268 1228 8459 7224 9011 9289 1785 5365 1703 8526 1225 5652 5825
21 2559 4661 720 7874 5719 8768 4035 5088 7457 8610 3496 5373 9542 1538 4212 2263 7408 2499 1333 4122 548
10 961 3601 3510 933 4205 3338 7275 3986 3161 7522
14 9283 7287 2657 718 8803 2937 6089 8298 5782 624 7037 8200 3246 240
18 372 5214 4980 1843 3375 378 9002 8909 4089 189 4074 1842 3061 7767 9663 4580 9600 3388
22 1888 658 166 3058 3319 6398 6648 422 2320 6582 6596 7065 8160 6042 7699 1342 4436 8702 323 4812 3741 9765
10 2986 8783 4112 4080 2031 3116 9199 1433 5919 9530
4 8520 789 7284 8727
19 8342 4536 9137 2118 4502 168 4020 4481 4645 2480 8620 3829 2630 2768 4191 605 4500 251 3028
13 8840 1332 328 3989 565 7557 4953 5169 524 9229 2693 6600 1545
1 2591
2 1874 8563
26 541 842 2352 5422 6270 91 7278 7746 8631 9303 9987 7796 1499 3686 9447 8720 2381 9745 2849 9587 7530 3563 1694 8083 9677 7405
8 1194 8071 2767 2258 4116 7722 737 4908
7 445 1113 8073 7684 174 4640 667
6 3281 7020 3138 5295 4588 6960
14 9523 8699 5466 9282 9890 4207 7710 2338 3502 4819 5134 1736 1411 835
21 9799 5511 3663 9923 6213 4356 7309 3044 1985 9908 1590 4198 3395 5430 8469 4381 5580 8249 6212 5819 9573
14 2008 9820 9128 4184 6202 5347 210 6475 6062 97 4523 641 7264 452
20 8395 696 3208 3821 69 57 2731 9410 2852 5690 2115 6769 7926 5168 6382 1442 4275 9048 3887 3931
5 476 9214 7863 5030 7204
12 3149 902 6304 4507 1186 7662 4329 3523 6958 6148 6113 6250
7 1399 9997 8311 5047 1837 108 7058
13 4143 3317 284 8991 1655 5287 1721 230 3227 6581 5589 7153 3638
12 3471 567 7082 9267 442 2896 6222 5444 9024 3413 5174 2163
2 1778 4471
21 55 7792 8146 2934 6856 5601 6969 4786 2110 7334 272 991 4442 1094 288 4991 8525 2251 712 4931 948
12 5341 5387 8203 8440 7446 448 8194 6480 6333 5317 9049 2620
2 9864 1880
23 6115 7232 8367 9242 9570 3746 9812 7187 2534 6722 3748 4701 528 3076 8354 3300 1049 2763 220 2836 6112 6241 8700
24 2912 9052 3067 119 8682 922 823 7263 5193 1779 4623 9054 216 9894 6755 8936 4004 5840 3548 1077 6725 1699 8825 1507
21 4687 1794 627 5369 4733 506 376 5952 7729 1364 6566 582 2546 1918 7930 8356 5098 3020 6349 5147 8046
13 2576 9559 9631 9575 9512 2551 2857 4415 5062 4043 8031 8679 2448
2 5332 6527
24 5598 1784 6718 2992 4613 5303 3054 5036 5579 6716 4532 9513 1464 8987 4712 9843 6146 7892 7688 9338 2629 4972 8319 4445
4 6913 4352 872 4483
14 4788 6529 4693 3029 7546 6567 6729 7191 643 7609 7483 8422 8019 2659
24 4346 4665 4544 3636 8030 8938 8973 8945 808 4406 9103 1383 3447 8672 6432 5416 1712 6287 6626 6895 4157 9336 7252 1653
23 157 8979 9944 9450 4297 2952 8671 2745 6346 2543 7614 959 3592 8549 1486 80 3630 1654 2844 4261 1064 5637 3755
1 7110
2 1973 1339
7 5161 3527 8158 6884 6208 5553 2486
1 5982
13 4495 3826 8449 2957 730 2216 9179 6399 2075 3685 8326 9489 1546
12 3103 200 2566 4720 4141 3232 9836 7971 6297 5140 9372 3861
21 6160 2296 4428 2335 3129 4686 8554 3220 6251 5260 382 3119 2561 592 5350 8473 8975 9986 3298 6365 2650
21 9581 7810 4959 3972 6538 9761 9394 7466 5001 1930 4358 7392 243 9798 9621 134 2894 3911 2998 5895 9608
23 1735 4873 8629 6316 8128 7922 2585 9564 5405 3904 1176 461 2042 183 4852 3060 1895 5506 706 5533 4697 6465 8572
5 6965 2166 5721 3193 7025
14 1866 6654 7398 9191 3092 3603 1685 6762 7068 1140 5616 3184 2492 9488
12 6424 7455 1651 2642 318 313 6610 3056 258 2411 6152 4987
23 2941 8630 7572 3366 2919 7171 3532 2477 4884 7763 3776 9460 3700 7100 3820 3359 1262 1811 9668 763 1927 3749 7986
12 5716 9806 4875 7226 6575 4862 5994 4939 6910 2237 3774 218
13 580 477 2436 8447 8254 6076 6238 788 6046 5505 2172 962 9766
23 585 8209 3459 6764 1215 9466 2377 3657 3790 9288 8293 1308 4747 223 5379 4385 5549 1915 911 7165 4820 2908 9829
2 499 4941
25 8406 7471 665 1647 9610 4007 2732 6407 294 2648 4114 1396 484 4136 8247 2451 1432 1446 351 7031 6302 4577 8508 685 3914
23 2020 2784 4396 8955 1324 7912 120 5100 3785 1541 8051 6165 4073 9697 3387 3006 2092 652 4956 4231 5758 6405 9532
2 2660 9380
14 5381 9405 277 825 4973 1365 3537 8809 8830 576 5742 7436 2530 7820
24 7141 5818 4703 6652 6216 3775 1846 5899 1476 1264 6571 6064 7288 4722 3079 2334 7800 45 3273 3015 4752 9465 7731 2134
28 7799 1883 4414 7975 6742 1491 8112 1902 5043 7745 6589 6902 5792 9167 5250 9630 2311 1368 2500 3794 2792 5634 9206 3125 6978 1479 9507 9749
13 8728 1407 9246 9627 9874 6220 5816 8188 2173 9817 852 2308 6018
11 8179 3257 3430 3739 9019 9672 3296 5272 4530 8430 6934
16 9979 5727 1955 1986 3114 4666 6133 7555 4433 9474 9541 4135 6988 3705 8332 8423
5 3008 9090 8792 1319 4793
22 7640 6123 3602 1550 1272 7492 9712 4990 5400 6013 7488 7142 8284 7588 4572 7200 9708 7450 3503 6311 6795 5931
5 6607 4717 2346 3185 1510
9 9901 3245 6752 3773 4863 2825 2171 1061 9359
14 7911 8458 8104 3779 6327 4450 7075 2131 4983 7343 6481 2940 690 9811
12 3457 8302 315 5954 9744 4838 7671 2070 8411 7524 8304 1878
2 7346 2758
11 3743 9347 2915 6547 3594 7000 6597 6904 3135 6129 1998
3 3539 5988 1569
16 6456 7435 1635 7648 8915 6413 2686 5917 5457 5660 76 8099 742 3178 3516 7432
11 5406 7677 3947 8448 2470 4913 8028 9436 9914 7375 4378
11 3025 8586 513 3368 212 6825 5914 7972 4844 9970 4683
2 364 8730
2 873 1000
13 7229 9046 4537 6168 7248 7102 5626 6244 5437 384 7760 6080 3664
4 7088 8290 3614 978
13 489 6135 3176 1267 7867 7380 1949 4636 6548 5979 1093 805 7606
25 3692 5227 7357 1054 1557 3732 4607 7636 1211 9641 9268 1531 1466 1921 4272 2682 9102 5383 5066 5327 1397 9057 8082 4069 4716
23 6649 2424 1465 1884 4485 3513 9177 3974 9481 1981 736 6873 2016 7194 5633 717 6516 8522 7241 7756 205 3347 6766
5 2774 9649 6735 1529 773
7 8509 4877 7210 6200 854 3729 2866
19 583 9274 8434 5663 1797 7434 772 5809 2122 6681 4012 8061 2619 1533 3964 8998 8948 3733 5850
15 61 4208 1734 6053 3396 507 7152 5679 7990 6993 664 4568 9673 590 8375
4 5343 9985 4520 7632
23 5304 9685 782 1863 8854 5584 2652 1859 6672 1942 93 3494 1976 3213 5181 4612 9756 8623 1347 18 7917 5977 9522
4 6694 6150 4048 1555
5 6633 5858 4836 1146 7809
11 741 5856 2511 1010 4807 7884 6966 6484 867 2191 4949
2 4011 2951
22 1528 2626 7442 1684 6048 7785 4605 9357 8595 5630 9441 5976 561 7741 6249 8004 7023 2795 9147 4996 8923 7713
6 5222 3540 3758 2717 4006 1190
7 1993 7114 1860 6155 7373 9249 6143
2 368 2887
8 4586 3333 7320 2742 2074 6293 3230 5578
19 8420 2738 8462 8285 1503 9620 4659 5366 6630 2893 5094 2729 9444 4000 1322 8276 362 2747 1562
24 1353 9144 9710 8555 2076 6237 1725 138 7931 6451 2850 9879 7743 7504 4322 6787 4757 2726 5893 6631 7906 9461 4108 3440
4 5091 6016 8453 6433
2 7355 3560
2 4467 492
12 7877 6199 8548 6765 8207 7934 767 2556 2359 2177 8364 4962
25 4066 1384 6493 5620 3879 6814 704 5170 629 5632 7381 4654 947 1591 2284 2793 6145 5118 654 6300 8663 4401 4614 770 8078
7 8564 1492 8739 4635 2649 4528 3207
16 7318 7140 8376 1674 5748 2539 4088 2333 2000 7643 8038 8857 5556 6298 3389 8994
16 8559 8198 5955 8868 4938 4003 6618 1947 2021 3699 1286 5639 3312 9921 2007 6348
2 7347 5071
10 8189 1512 7379 7613 9885 1495 4363 5836 3313 1951
25 8675 5948 3795 531 6570 2797 4270 4989 1790 8026 4060 5689 3856 7802 1606 829 5993 6899 1905 2827 556 3327 6093 6342 4795
2 6879 7206
2 3291 6517
20 3564 4109 9947 9634 1460 9477 1613 6927 6279 3211 5221 5340 686 8357 6894 7658 8202 9184 8201 1009
8 9954 4516 6661 1149 7943 4416 3259 7509
7 2327 9935 2026 457 2112 8719 5059
23 9411 2357 5757 832 1496 1331 4384 6344 163 2439 9358 3222 2762 4210 1786 1296 7634 1219 5618 4162 2608 6170 231
