72 6975 3860 3260 1300 8970 7415 5055 4062 4857 8862 4047 1723 1206 5694 4100 3834 2534 3646 3477 4317 3495 6134 3978 5730 5790 6376 6807 6884 414 1033 538 2839 7628 424 6839 6469 246 8303 5421 2932 6071 2461 2764 206 8079 3469 9036 7139 5039 8192 37 9074 3450 4061 5173 8708 5110 9001 5593 396 7951 2268 3138 8978 1928 8240 2386 7655 7806 9204 6065 6172
53 1566 4974 2139 2182 8948 5865 2263 8027 4777 4123 3122 4309 8798 7117 8500 4083 1797 6708 9919 5412 4032 1402 1215 8426 92 947 5477 6998 66 7750 7218 4118 6039 1743 9551 5087 1356 4154 7530 5715 8962 9813 2115 6619 6141 8409 5285 1714 6435 7885 2810 2217 9212
15 9475 4182 3209 8170 9439 499 6919 9044 5769 6163 8258 4826 9783 4853 1569
11 6428 5832 2830 3462 82 5550 7076 329 2159 8508 3719
8 2717 9696 5210 3920 193 6621 6009 4893
12 8450 7883 3827 6461 8718 4692 9500 4266 2539 6399 5915 764
7 7849 9360 4796 1670 7286 8517 4598
10 156 6897 6265 4169 3764 4784 9980 2919 3254 6929
52 5254 2417 7006 3482 687 7329 5134 1700 2965 6556 5360 220 466 5010 6215 5911 9006 3320 6872 569 4564 7009 2260 4410 198 7682 6510 7310 1598 3853 9823 3891 5393 2453 9597 1216 1910 8729 6290 3397 5676 5016 2796 5221 3909 3173 3663 1181 9841 1397 7502 4659
72 45 8453 1325 6177 6922 9629 289 1794 740 6634 3541 1151 6361 6874 7660 7931 4055 6572 3908 5297 8260 4833 6927 584 3290 8855 2017 6486 3812 5761 5093 7146 2032 5943 7763 1832 2593 4496 7500 1763 588 9709 2319 1565 9875 1084 1729 6937 6132 1814 3689 293 6517 1086 5452 5728 149 1254 6366 6356 2567 5231 65 7726 3816 8037 8151 9403 362 9192 75 8696
65 701 3288 5846 8977 5185 7060 2755 2239 2147 4393 970 4639 956 9467 1258 8649 7349 3887 5704 2009 1074 7522 8245 6287 3553 2020 1405 1948 5691 5219 8755 8149 7276 8341 5214 1783 9830 6802 4312 2379 8041 9929 7964 9693 272 1803 7 2486 4968 6636 469 5575 9819 6534 6577 3936 2275 6761 9991 4058 9645 9847 9354 7260 2994
12 6430 8561 8751 125 2730 1452 8761 4213 4928 7627 727 2718
8 6198 7337 7698 6099 5343 5758 7272 4171
69 1134 3265 8183 1365 1805 5077 7120 3322 4607 8471 4200 3186 4627 7436 6676 7028 2331 190 7163 1326 3086 5403 3850 7257 4732 7531 9051 9179 5974 1952 9792 5808 5817 7363 5332 7172 5505 4656 9999 5573 440 9295 3535 4894 2886 176 3140 2455 2773 2377 1658 1372 2905 752 7354 9124 3493 2211 4973 5559 8195 4590 4461 5257 7654 2956 3375 447 2423
14 820 9440 3169 8386 4773 273 7442 9754 8693 5102 515 4677 1622 4362
13 4467 6507 2163 23 7421 8182 4460 6820 1861 1548 3407 5818 2750
7 4611 4980 3247 4543 4730 3473 7003
5 2995 7229 421 3280 5946
20 7678 9371 9445 1421 3037 1759 6476 8827 7127 4359 3666 8692 7825 9271 3564 707 9574 7954 8229 8719
74 3155 2381 6888 7611 4803 1275 1926 1505 4144 7485 5542 4252 1373 1282 3741 8381 8463 8249 841 5090 2538 313 1643 9090 4657 6651 5998 4696 2316 5451 3981 680 1873 8675 8254 9547 6462 3458 2631 9560 4740 7200 2663 2492 6058 3621 72 847 7067 8048 2222 9062 4558 4484 298 3994 8706 8811 5408 4320 9713 5391 7518 5633 7677 1967 2544 145 796 2431 845 3808 8629 6906
76 2870 3756 2890 6992 2012 1422 8454 1440 4524 2247 4117 5168 5510 5700 9442 1301 2835 8917 1647 7875 2122 1069 778 7596 5828 3488 5080 7740 8066 7962 5782 9923 1409 4148 7013 6698 1571 5394 3043 7273 1581 3740 1656 9758 1684 5444 829 763 4731 2605 7302 7657 2190 3538 9539 5824 3084 4681 6838 1281 9759 3014 253 9099 3041 8731 4518 3355 5970 6626 6639 8167 6173 1993 9700 8311
64 8044 5262 1312 3911 7380 6935 69 9884 4386 338 3610 3318 1674 91 7872 4089 7240 1767 3130 8477 3882 7336 4504 8191 8335 3839 5438 683 2576 7739 1504 5114 5971 8129 1977 64 9981 7103 3007 8459 9516 8054 7211 9965 5754 29 4439 4176 5225 3424 6797 4407 8803 6076 1930 4735 2487 1079 4512 3769 8180 4625 8009 519
77 2234 9213 4797 3681 49 487 350 1675 3735 5826 9520 3283 1430 1236 5912 6990 6057 5396 3427 9954 5434 2689 9126 6364 5071 4497 8215 8159 6138 4456 9651 1650 986 6143 3807 3393 6345 4448 5067 264 3344 4756 4538 6306 3204 9046 2792 241 2128 6758 6195 5458 9521 7821 9357 7137 5328 2575 3676 9680 8169 1018 3752 8555 8219 8935 9705 4811 9030 2189 5375 7839 4345 6952 4875 7134 694
7 8103 8372 7047 2351 7031 7489 646
7 3060 2086 4994 5914 9385 3195 9897
75 5482 1824 286 40 5308 9854 6523 2511 6268 5068 4124 753 4435 1002 7645 4344 5137 4547 8552 4985 7712 6508 7118 6716 2683 9552 2348 5270 9668 254 6565 2108 5187 9169 1 4836 1336 8420 7428 2988 2344 7083 4604 7646 4863 8212 1077 6886 6109 6592 7452 4651 4296 7101 4979 1318 1583 2856 1834 7616 7807 9148 6203 5548 1601 5948 5712 1678 870 6264 5007 7908 3006 5065 9577
13 6261 5014 3581 9075 1148 5188 1593 308 2774 7541 5752 713 2501
19 9151 159 1424 8971 3051 1014 4966 2860 6073 4227 4001 8421 704 6007 2983 8528 8904 2548 587
8 5266 804 1220 3182 3803 3121 5847 3218
14 3216 377 3533 5886 8481 3679 2531 3986 1856 5767 7874 6372 6297 4709
8 835 688 8523 1140 906 3992 1970 7857
13 3873 4494 476 3765 416 6520 1379 5602 1230 9927 501 2441 4548
7 8078 8504 8366 8492 9585 9725 3941
11 3353 474 4765 1024 7180 9908 9177 1382 9757 4744 6217
12 1813 395 2766 7343 7309 5724 6300 524 8198 6736 4649 3077
76 207 8896 6154 4057 256 8400 4802 3746 7985 2353 9263 158 408 4096 8006 8913 5433 4358 8001 4589 9994 204 871 9889 332 4130 3606 9728 1880 4002 1754 55 2977 2826 9844 7290 1892 7099 3180 7681 6323 1828 2972 6512 7217 4534 6938 3737 5572 1884 8156 4781 1945 162 8430 9379 3521 1328 6880 9903 1716 2927 3930 4688 4702 480 990 4954 2881 7631 6960 3038 9860 9505 2791 7774
61 7674 7324 4922 8590 3361 1330 6819 2916 9408 434 3164 9462 5058 167 6437 9708 3821 9660 550 3176 3234 5603 9173 6252 8413 9187 3686 2354 8038 6044 1223 1171 6433 4776 903 8139 3102 180 5554 7433 8230 6691 8900 3178 725 7017 3673 9486 8763 1061 692 4020 5813 6447 7804 9438 9152 5361 6898 5644 5453
10 9053 5160 9243 3950 8897 5024 8248 8345 5367 976
9 9601 8447 7367 5051 8914 8808 1557 4351 6122
19 7782 7015 3264 5368 1349 8915 3441 2010 7199 7018 9196 5409 9617 1469 2695 8210 4737 4310 3602
9 8786 5383 5528 2578 8439 8549 8848 5544 2471
14 8980 6227 271 3598 7481 2756 4400 5181 7845 5726 1093 8924 7538 3798
31 3187 8346 9038 4390 3 7880 3817 1524 8844 2447 507 5841 8107 7447 4357 875 3466 2045 7780 7446 3093 3966 7254 118 7092 2476 897 1506 5381 7512 634
8 9670 5673 7979 3783 2083 2230 6069 8892
14 1826 2146 612 3640 6871 6889 7699 7295 879 6348 9097 6794 1370 7671
29 2758 9764 9117 9695 6151 2 8547 817 7579 5303 8478 425 4457 9339 9270 8493 9254 6434 5265 539 6741 3514 6742 5972 5646 9312 1927 1047 5212
5 4891 8205 2906 7144 5773
22 3636 6668 1556 8017 1037 6985 620 1423 8616 5894 3622 3893 3502 7973 5994 3446 6850 5755 8847 7808 5977 9846
66 3766 5557 553 7251 1407 8890 9304 1053 6504 2212 4529 393 7061 1160 0 3170 8000 8840 3802 135 2243 7243 2928 686 798 9116 4376 3095 5417 9694 3377 1135 1726 2006 6453 4549 5643 1169 716 7143 7879 7732 483 8 9125 8704 8664 7303 2579 1570 4155 4907 714 235 7508 6503 5398 3979 4699 578 7424 5365 1367 1099 5987 592
46 5876 9538 7222 2855 6936 8783 2056 1498 3028 866 3063 4120 917 214 1122 9483 494 2692 7975 5246 1246 6527 4086 7283 3255 8403 9230 7685 7226 7548 9639 3223 7250 4810 6642 5792 1497 1500 9198 828 8648 374 18 485 7289 8306
19 3709 2297 8657 554 6262 22 2606 6386 7549 8185 3199 2888 9630 1918 645 8319 1632 4321 3168
6 3448 7205 7552 9436 925 9794
8 2922 1204 5334 6961 3949 980 4939 4626
16 1959 4805 6294 5156 3149 4217 7020 2051 4629 4175 4314 1133 2154 4395 9256 5716
11 2038 625 7744 2950 2720 510 7989 6010 8020 6176 2485
26 2584 5608 5984 8073 9685 5423 6581 9174 1741 923 7832 8056 8419 2592 591 454 4330 4876 2958 4528 1979 8521 8344 2363 4613 8160
54 1711 4616 9688 3171 9200 9236 7581 4442 653 979 8937 7149 1689 7598 6295 743 4079 110 8877 7450 3298 636 1436 5259 7001 1661 4226 7656 8908 8901 1613 4470 5422 8269 759 535 1850 776 8380 1902 5250 7659 5184 7440 6907 3157 8100 516 7094 547 9161 7854 4594 7368
7 2822 1021 7394 939 274 7515 3342
75 5959 4935 8502 4091 9273 9504 1487 8285 6128 7915 9107 8506 1064 6236 9531 2176 1693 2646 2909 6609 8153 1986 2986 7983 2948 2040 2262 1459 3011 9414 2944 3382 7298 6375 7953 2982 4421 4072 5662 9011 4693 6104 1654 6343 5617 4056 5708 761 3967 2458 7255 9911 5607 6855 3221 6081 4403 7987 195 8576 2065 4927 3706 6631 7991 573 8895 4600 3226 2807 7903 2530 3444 6730 2288
64 2921 1712 7183 2482 1520 5696 2506 7528 5860 5307 8711 6551 851 760 7526 1127 2562 219 1676 5121 4822 4064 521 7355 6773 7328 8605 9278 6601 249 2817 844 5727 9355 4902 7778 700 3971 1341 247 2700 1955 9016 3394 6525 7819 4536 3200 9318 7498 8243 7583 3727 5936 8068 5196 3668 6755 1705 4962 5928 8932 6625 6491
67 7277 994 6983 7867 2343 3380 5945 7721 7842 2920 5863 541 117 9495 5862 848 9178 2320 3105 3228 4818 1825 2178 5000 7560 3124 5108 4749 2370 3568 6591 1719 6846 8762 512 1391 4051 4164 6400 9070 8921 7999 2662 5061 4711 6568 579 4016 6342 9205 9101 8202 1874 8174 2257 8146 9353 8061 6068 9723 3074 5021 1946 8964 1508 7207 7264
80 5371 534 4458 4006 4480 7323 8053 9139 3036 706 8954 81 236 3573 3997 4621 7960 6978 252 3784 9274 7484 3925 199 4127 2699 116 9655 4132 6951 6298 6406 1936 3828 1094 3753 1457 5268 7212 2821 9066 8221 1906 1789 8116 8866 801 4842 9511 8800 97 1075 7716 9319 4022 4445 3294 217 5319 821 695 607 6289 7524 3208 3239 8695 9143 9698 1404 4561 8487 6442 2481 2781 3913 277 3642 9741 3116
65 9106 3492 2793 1339 3575 5462 4327 7026 7230 8237 7980 6280 2439 2096 3625 2499 6436 7680 6312 1248 4888 5238 4431 4443 1493 3055 8507 3456 9434 2780 5689 5820 559 604 5652 8288 7081 6905 6965 9297 2118 8444 5778 2827 853 1296 9493 6825 4283 7600 9004 8633 6499 6324 6833 8081 882 7214 47 1727 4516 869 5988 7021 1289
8 526 8961 1035 3659 7161 8756 6178 9763
8 389 1599 4166 5324 6463 4933 9485 6740
10 6812 8128 6554 6452 489 8410 6586 717 2709 1316
67 6440 4286 8966 9874 7185 2429 3114 5916 1904 3420 6538 4190 1620 2132 734 2286 1233 161 4519 1182 2887 564 5497 7247 4546 1829 6749 1146 7882 4167 9122 6119 8975 8614 1161 4493 9323 4812 9162 7333 2650 8795 4499 3097 4198 4102 8557 6467 3023 8838 7376 8112 894 2618 2691 7770 7106 4346 9765 3958 2985 6240 4965 7165 4747 6804 3767
63 9392 3496 1364 3258 4507 8586 4896 6459 3126 3696 4391 9772 768 9494 1243 662 4734 177 87 5425 7651 9078 8318 3078 1460 2184 2520 1280 3879 8015 3003 5230 9935 3525 758 6048 5627 649 398 1732 905 8563 4752 5750 6987 2073 3600 8136 104 6774 8323 3352 4287 2883 9642 205 4437 3024 4940 4881 8096 9914 470
74 1179 1437 1863 1059 1267 4152 3680 4739 6464 4076 8050 3348 9395 6747 7748 3341 6331 5900 3481 5490 5429 2629 7352 3191 1709 4582 4565 140 2066 6893 4919 5993 9672 5132 8378 2970 5540 4883 9564 2130 8028 2425 1645 5340 3371 3822 8379 6682 7550 5929 8600 6070 8071 8102 7169 8427 4036 2437 7048 5657 1347 1815 7683 9788 9947 3607 6012 3404 1473 836 3829 3554 9510 6787
18 1579 6190 8121 766 4170 128 3519 6242 2832 5183 8211 6795 1089 2595 8652 3955 7594 3823
14 187 1842 7529 4975 1882 5406 9425 3215 7466 8960 1088 7889 6628 7411
14 5634 7186 5751 961 2145 2295 5474 8455 4379 8480 8587 9534 2271 7632
17 2734 3972 2813 2415 2490 7826 8086 4854 5165 9938 5992 7389 2162 5765 5981 6771 9181
13 6570 5703 8513 1205 9352 9378 605 9260 5853 7228 6260 3098 9865
11 577 6497 4717 7955 2799 7473 7831 7265 7238 1664 8401
29 3922 1896 8710 1964 5706 6212 7561 4205 8812 3715 1602 431 9883 2552 5023 3362 7131 7802 7771 7340 2465 1321 8972 2653 5806 303 9419 536 1649
78 8598 6610 4053 4567 2057 2840 3917 320 9394 7296 9310 4385 9851 5146 4306 6084 7135 7610 2030 4374 822 2643 8899 1044 3415 430 9490 4098 1914 2811 4761 9716 367 4109 2951 7546 7912 5056 6963 9624 1780 5357 7040 500 8608 2665 6199 2515 3738 3445 3617 5743 7913 3691 7665 1912 9364 1900 8510 88 6801 7457 44 5985 5996 6704 8660 3601 2911 240 9383 9731 4680 6564 2561 7555 8314 8636
7 9191 7871 9382 795 9220 4417 5630
54 8172 8709 9561 8835 3128 8143 4318 1822 7976 288 8418 5478 238 6866 6409 4724 1549 7390 2337 7815 4243 3507 5488 9222 9043 954 7072 8329 1413 5072 3662 8497 2309 3790 1625 3569 7956 7425 4572 5145 4173 9377 4075 2778 8032 9633 5386 6159 2907 6784 5002 3334 202 1154
55 8858 6603 3452 6796 8166 7042 2599 3259 9397 1961 2101 3346 1996 8968 8577 1525 6750 7045 7374 4241 9760 1166 2502 1960 8035 2833 5306 8007 1249 3152 2300 7924 6106 6768 756 6045 8643 8868 6555 7095 8809 7140 9972 8622 9193 5359 6325 5275 6305 3120 287 282 7568 711 8799
15 1408 94 3833 357 7147 2339 8865 7299 4282 7896 2788 3683 4489 2327 4704
28 2368 9692 182 5333 3558 1149 5748 7483 5369 5074 1083 6847 8988 1256 7305 5440 3146 6999 6693 2825 9249 2495 3360 924 8371 3895 444 5780
53 3883 4764 4759 4474 2874 9506 2228 1442 9190 3412 2801 8178 9989 8532 1917 420 356 290 6606 3608 9548 2120 3453 7056 7701 4074 3034 6670 9736 5827 8135 8095 9525 1073 7168 7495 1702 5620 9265 4859 3029 315 9849 2729 4105 7521 1428 5678 6490 8941 5418 7899 3399
12 9058 7787 4824 4415 3367 8831 6584 427 7156 8893 7261 467
4 6599 5103 2580 1008
11 9435 7609 90 1425 4701 2554 1983 6341 628 8354 9863
65 5835 596 6683 548 68 9251 7648 4046 8234 2395 7715 221 5499 9955 3205 9406 5742 3429 9149 111 2846 8122 1226 1228 4383 4689 9309 2004 5428 4161 382 585 5842 2508 8295 7499 3837 5242 9776 4706 4202 7314 5825 9432 6333 8340 668 9206 5710 9859 5085 7905 7523 9032 9582 8117 5344 9064 491 5774 3008 7805 4605 1298 1648
72 586 3025 5049 9104 7173 1909 4909 4311 2479 9790 4249 9974 1787 7406 2301 3090 6393 8828 7111 7693 7629 1020 5843 9420 3791 3315 3515 2610 9218 1934 3819 8390 1467 5450 3061 4128 1063 623 4424 9050 8276 3869 3805 6315 6288 2690 7141 3718 7582 4899 4606 4245 5264 1107 5449 9536 1529 441 814 1594 2784 6059 6153 8830 8305 7900 5317 6947 3059 3570 85 4087
61 4119 8227 89 2933 4535 9559 4560 1390 2036 1604 7637 4858 1750 1342 9133 4874 3018 4446 4638 1433 5592 2474 67 8591 9365 9862 6145 580 9060 2540 5577 6837 5594 4438 3013 3231 6249 100 9920 148 1335 2543 3509 6391 542 6254 2987 699 4222 651 1396 439 3057 2516 2059 6542 9109 5561 7559 2388 2107
67 8725 6956 8669 3781 9592 3762 1776 2201 4983 5610 971 1592 6112 4478 9675 9781 2542 4500 893 5530 7097 4945 4440 1724 8821 3635 4930 7860 1761 5330 5839 1530 9453 9232 1713 5731 3576 3890 6492 1578 2026 2910 8947 8703 3792 201 3658 8748 284 2588 3498 3066 1375 6909 4411 5101 6783 9347 390 3758 1369 8548 6810 8062 2155 6835 5255
16 2150 9612 5850 5519 2326 9400 4129 2341 4522 6466 6124 3248 9337 8525 1757 3052
16 3387 7995 3179 1186 2604 1715 7249 5133 9973 5906 452 9575 353 3432 8082 7711
12 3016 3878 7982 6322 7784 7846 7308 7204 6723 7465 4409 7799
63 4115 4830 4662 1691 188 9940 7191 1175 1608 6000 5705 5 7572 2375 1009 4566 380 1802 8264 2989 9818 3794 7032 7213 8558 609 799 3065 8886 1458 475 270 5775 3400 5531 7437 3293 2488 355 5463 5139 2449 4860 7945 3624 8474 8252 459 8690 948 9082 6717 2505 2712 8542 8959 8574 4866 6663 6135 3386 6090 3227
4 9738 4950 3550 7098
37 9861 352 8080 3536 9350 4232 2727 222 803 5154 1973 3125 1623 8186 7961 6775 2726 9946 4159 8662 1561 7749 4073 6805 1455 2317 3338 9879 6694 6926 5155 9301 3135 3586 7868 8535 399
6 3183 6879 3656 8673 8646 2859
43 3491 8607 8125 6595 6635 7384 130 1560 4622 1025 6844 5671 899 9356 5637 7751 9437 1203 3777 789 5763 7664 373 7407 5584 7706 642 1461 9707 7266 8342 6733 7445 3111 2393 6222 77 2819 8516 5430 806 9398 7029
24 5604 5136 1092 1158 6085 876 9576 4666 7791 4995 6358 2385 3653 9463 5859 2380 2532 4708 5851 8479 1106 5690 9418 2518
8 681 8730 2202 9129 9665 4856 8570 1722
6 3039 4587 4668 1984 6165 7198
62 9189 1764 6488 1247 528 7011 7752 6032 8273 9484 2135 6379 7327 173 174 888 200 3167 7401 3565 878 3277 9983 1585 5420 8666 9664 4343 231 5122 6696 9 4112 4027 2564 5688 6760 4143 5399 7783 381 8973 748 1513 9519 708 1129 5305 9201 4741 818 4337 3988 2942 4762 9071 1027 6377 1665 2565 7540 2980
5 8995 724 8746 2473 1274
67 7138 2693 5153 4957 6150 9899 7769 443 15 1042 6411 4126 6395 1138 4452 1730 5170 4031 8025 7419 59 4941 3825 8296 8350 8939 5200 3303 6063 6484 5135 664 3463 2949 7795 4623 6396 8757 3046 3088 6853 3433 3252 657 3768 8817 5363 9472 114 3578 5180 1447 2197 2046 6053 4984 5805 7930 3197 1071 2915 7004 1522 4767 3021 6441 8618
36 4071 6257 3385 3524 9751 7054 5597 2079 3995 4790 3996 4993 4593 9020 1957 7154 8241 486 1509 9476 6901 31 5650 3148 5543 6360 1672 6332 8539 966 946 4097 341 2630 7162 2451
59 660 7545 1038 5532 5195 5476 6493 1067 1398 4976 6657 9856 5783 4828 2232 5053 739 7835 7876 5781 8089 9029 5701 292 9300 428 7321 855 9081 8148 669 4340 3512 5880 5426 505 1376 6678 4133 8996 8856 488 3933 2742 3861 7895 942 1718 3351 121 7788 3993 6008 4683 5432 852 4956 6806 6246
6 719 3064 7890 5229 9870 5277
45 1434 5377 3306 9073 4195 32 1145 8630 6426 9390 9252 6166 938 2206 8242 4033 6079 6940 5493 7292 6617 2521 4570 8304 9641 6087 9294 6949 2598 7051 1334 7599 8785 5933 9313 8382 959 1481 8923 2545 4848 2884 4850 2250 8433
13 9141 9868 3442 1276 232 572 134 2409 1888 8349 5887 6162 5567
33 78 5030 7109 2253 5258 6995 2728 4880 8603 6860 5384 392 8628 6759 3852 2941 4719 4879 4441 5923 1394 154 6458 1438 5656 2621 366 9449 1782 8326 2374 5709 5719
15 1577 5801 3954 3139 5086 7016 6944 2601 4559 7190 8131 6861 4843 4555 3113
16 327 6640 7929 5483 3103 7840 3604 6158 3697 7801 1607 7772 9527 2611 8385 1766
20 3425 3240 4878 4834 1016 7464 413 995 8989 109 6941 3317 782 4748 3220 2704 8560 490 7684 8290
13 6781 1833 8406 7625 209 7859 3419 5011 6709 6136 3710 4840 5562
15 3190 2191 6200 5323 3100 1895 3912 3058 3736 1355 1528 3289 3664 6776 8187
7 4172 1568 5206 685 1189 7370 7258
7 8424 4794 7519 8938 6656 6164 1921
8 7653 5209 5115 1264 2775 163 7580 8637
75 4189 2996 3460 60 5148 9115 2126 1969 7158 5796 4722 4298 5759 2687 8793 2039 1610 8238 987 8466 8602 6705 9857 8294 9677 3020 5441 1244 8352 3730 3094 4045 6996 1701 4637 9588 982 5746 1840 3418 8860 7438 226 6689 4596 5655 7357 9518 3372 8098 4142 3843 4308 5141 9399 2199 8852 8632 2732 4721 4042 6713 892 5515 2751 8658 9164 1891 7478 4897 9544 2952 9724 7936 4644
59 2635 9039 5109 6686 6562 8641 4925 7112 2615 6450 3692 9430 9876 611 7564 633 8867 6353 8133 5628 7823 7848 8233 2602 9401 8822 3365 4203 7565 5684 4563 5735 1827 1110 4209 8104 7480 5120 3438 8836 9065 4150 4571 6745 2731 5549 2703 8987 378 7089 368 5918 3062 6955 1551 5410 8753 8909 4347
81 3516 5645 773 4060 450 3044 4917 6275 5585 1907 9258 949 5744 6500 4795 9864 8328 1735 8251 4630 9314 4388 7661 9376 2509 8677 4019 6238 1214 1920 4295 225 3923 6272 6945 2560 3700 5732 998 1114 8175 1616 3574 3639 3068 1240 5131 7027 7262 7585 342 8524 9578 1949 2196 6116 1687 3935 9631 3947 2503 8393 9221 2964 9667 1518 9208 426 9535 7731 1288 7843 5372 788 4502 2809 6133 5044 7641 5738 9154
12 3117 1125 5771 9384 5598 1985 8681 7408 8417 8239 1400 1682
8 4904 9288 191 2318 1519 7126 6851 9034
14 7318 3847 1545 6531 7209 8623 4687 6997 1695 5913 1144 3584 1553 3401
59 9014 1846 1734 9568 5031 5632 3373 8717 8193 6123 3049 422 4221 684 7675 4185 8541 1194 619 194 833 546 3548 359 3127 6646 6182 1188 4862 9024 9729 9570 6223 2245 461 4815 1652 7350 1563 5335 8825 3597 8113 2210 4569 351 3838 7602 9170 8845 415 5795 2737 3840 8640 6235 6271 2719 6405
8 3592 8383 2876 3537 6446 5163 21 4539
13 8141 9123 5940 402 868 5287 5884 6548 8388 3483 186 5033 3634
8 3440 5008 7496 3476 2701 1431 8224 5413
56 6056 6790 627 5693 6321 8223 4488 3677 2979 5076 9734 8773 4244 3109 4648 471 5186 6417 4475 1291 1426 9801 6285 8473 1463 7904 3561 7818 520 5358 9608 7619 826 1546 6317 2063 8779 3214 2248 8247 7746 4479 8244 5787 7789 2789 9094 7921 7697 7978 8715 3071 2678 9770 6588 2338
25 493 8299 9957 9147 7122 6590 8976 4601 6129 6337 7588 9334 4779 7844 1830 234 8732 6786 6924 2043 904 8333 1224 5339 4427
66 9168 2091 9732 9632 4436 8699 3702 9752 6876 8266 62 3667 7412 7467 4356 8263 4348 4889 6296 6344 615 2068 3797 1849 7188 1742 1128 8332 4713 8255 157 6418 6706 318 3067 3939 4838 2419 8196 4541 7476 7943 2362 6571 2127 7940 151 1703 317 7567 3699 3542 4326 4108 5560 4961 3649 2054 9894 3421 637 1327 7194 6865 4978 9138
61 1048 8267 3027 5965 3903 3278 1152 2747 1515 9721 9302 2992 7878 3587 5315 2525 5278 6567 5028 1290 5192 3194 8857 911 7816 7312 9769 2632 9448 4215 6904 96 1606 514 5741 1611 9487 8571 370 9749 1101 3395 9663 4208 269 1153 6316 6858 4505 7717 5629 7923 442 1629 8596 1801 953 7322 224 2661 3810
13 4052 1573 7864 6125 6105 7743 9931 2251 7307 981 3605 2226 1858
12 7937 436 7219 4279 540 1932 4477 815 8759 4999 1108 1235
9 6933 7704 9515 1707 9007 2408 8094 3759 1474
16 2603 1744 9810 6726 9209 9469 8519 5614 7813 5785 50 6579 6541 6209 2072 1337
6 152 9740 1768 9797 4483 5269
47 5046 4469 7793 656 4219 5570 4868 5043 705 4023 7133 8869 864 8580 3809 6700 8069 9684 4755 7263 6101 6420 5217 9063 2336 8742 4733 2427 5764 1378 2422 9934 7810 4532 575 2357 9293 937 1916 8298 3381 7841 9410 2007 9343 1651 2103
10 3875 9488 1752 8468 3856 9361 8438 3984 3944 2227
2 8033 4184
6 691 7297 9441 5669 4472 4399
70 2600 5941 5112 2573 3582 1597 4476 7383 2569 5138 8316 5235 4736 400 5687 391 5509 4774 8814 4743 2759 3175 7012 9712 3054 8283 7378 4700 2798 6334 7829 4738 5419 5899 6403 5733 9611 3245 9944 631 9000 944 9083 767 770 506 4121 4210 5286 1869 349 3112 5158 1728 8736 581 2094 1943 3274 6667 9113 24 5960 4268 8412 126 2587 6561 819 973
13 3153 5233 2496 8134 2244 8697 8012 2673 9599 3543 3159 4418 7460
15 7576 4581 8875 5829 8320 6427 9456 1897 3675 8123 8214 6672 2808 7587 4646
6 7245 4260 1123 5142 3301 4712
59 42 5097 5241 6245 9131 6699 3855 5298 9627 2358 9669 8726 1854 941 883 5390 6473 6221 5496 9327 991 8889 4533 6552 3147 6719 4423 673 4288 337 1392 9595 7779 3641 8707 7129 7570 3253 244 6443 3089 5871 7669 3413 9331 9225 9950 5571 8955 7517 730 4820 6751 7319 5513 1268 3870 9837 9604
9 5057 1831 1060 9037 4751 3914 6869 4005 5223
51 9180 3832 1855 784 2322 613 5989 478 2684 3222 6827 9985 807 6043 9199 9137 7786 5788 7686 765 6370 4729 3165 9602 4267 2483 4783 7052 1790 3527 8567 105 3859 2866 6013 5466 6921 8376 4197 6029 3931 8585 4422 3956 6269 3106 6061 7718 537 124 5211
9 1574 2713 4238 2836 9933 5293 8361 3305 4923
11 3831 280 7335 9055 2644 9315 8076 2165 9207 5504 5001
61 570 3384 8339 551 6754 5997 2526 2430 5117 5896 589 1639 3272 6815 9939 243 266 7891 9762 184 9035 9482 6582 9072 8769 8512 189 7005 7346 965 1517 7615 4207 2278 830 4946 4010 4261 4653 5078 9512 3000 5468 9638 6903 7301 2824 2434 6293 889 5864 7463 843 617 4998 5698 3868 3422 7471 7820 5885
71 9413 7382 9718 6687 7397 4660 6864 7449 8049 9735 6563 3671 3851 1994 6727 630 6359 9648 9393 4444 9324 3785 6690 1694 1435 1329 2116 8691 5162 3136 310 1314 1308 3747 9609 8597 4335 7196 8599 2445 9276 8321 5495 6958 992 1164 5625 5626 7444 7451 3591 7892 614 8929 1633 5521 4008 1287 9112 9620 5907 1263 6303 9003 1540 1739 3472 2267 4690 5208 6207
74 6423 6669 7855 6720 7402 5247 8949 2293 7543 1241 4248 2912 2221 682 3479 9565 2136 9461 3905 8687 468 1971 6711 4204 2867 3670 5963 6454 8106 5290 9739 2080 6665 4180 3585 989 7035 1137 9421 2287 733 2466 3814 1225 8529 9671 2270 4814 5799 3973 3788 4269 1234 3924 6126 9603 4463 7967 8556 6 6022 9176 5527 9637 3406 4841 1655 951 7997 4775 5284 9556 2681 5107
5 175 6062 8594 5821 6064
12 8220 9031 8152 5973 5129 9702 6731 9491 6328 4562 525 7423
74 3590 7642 9662 7918 330 9951 6250 16 5668 1197 9640 4018 8663 6753 4887 9537 6519 2129 7379 3243 5878 9798 1306 9317 4193 718 8253 1799 7059 2148 6025 7157 1483 805 2428 1494 895 6175 5356 8190 1536 9040 335 9262 4654 8429 5986 3714 9644 3789 4253 364 9479 8408 7902 6583 9661 1878 2454 6251 4746 509 1798 5747 6074 4890 4353 9188 7178 7996 7153 7887 4361 7414
12 6197 5492 9202 8503 7416 5460 9533 3137 2187 6521 3567 6546
9 1999 9826 5952 7638 1004 8705 5094 3189 5937
9 9822 6329 8499 9917 7365 6161 8353 2829 6842
10 1785 6319 1260 3733 9281 7767 4401 9780 2913 3888
25 6229 5336 1737 2168 8615 8701 3118 908 5901 1547 8201 3079 1784 8920 9880 8460 2233 7468 4040 3330 5890 331 4420 5152 197
5 6392 5837 1746 9976 9710
8 7148 482 8654 6475 2677 5424 8912 5459
18 1717 4989 171 2744 435 4281 7811 1630 1401 5800 1662 2464 30 8362 9005 9396 3282 849
18 6042 4447 6347 8678 2557 3682 3033 4069 9238 1245 9815 4823 7838 5830 6206 6780 5600 9160
5 8854 3632 5525 6674 762
12 4753 6770 8177 8118 3144 8358 4725 562 867 4291 2779 453
57 4078 7694 9699 38 4168 5327 6483 6692 6743 5695 1819 8168 6530 9119 6384 5484 297 299 6946 1584 3329 6792 3244 307 6685 5362 9746 28 6107 5892 1663 9369 3309 5088 2284 9508 2109 9022 8747 4631 2533 9805 1393 2834 5256 9422 8891 8070 6633 4714 2213 9995 7422 8351 9866 6511 2436
13 5465 3877 7720 2715 8620 3439 4092 6082 1147 8446 5947 2804 5681
9 4768 314 4951 9120 6005 8864 922 6455 9882
64 5777 3076 227 2762 6286 2794 8256 4004 2903 4813 3942 6502 693 2237 5718 8610 7558 8999 2111 5081 1195 5098 7189 8171 8291 6863 6505 9239 5194 5338 2733 1755 6834 2002 7145 2240 4324 8126 6355 2597 5445 2282 857 2491 8520 2626 1305 7413 6532 891 3583 1446 8228 1615 9829 6737 3540 3918 7747 4871 9481 1778 7577 6422
17 4466 9447 9227 2937 2624 6185 7071 7039 6224 4136 4952 334 7429 2596 2627 5809 9320
12 5500 9194 7946 9366 810 7014 874 3881 4054 7181 5374 6094
65 8946 4077 5955 6152 6578 446 4099 9286 9095 6718 4628 7865 7910 2391 9753 2158 1354 261 6630 1477 8794 7727 3494 4591 3563 3310 4179 1972 1870 4218 2413 6701 3026 3963 1439 6432 1886 7676 2047 1450 6083 5931 6394 1901 5563 5203 8467 1162 8449 8456 1974 6478 640 1209 79 6867 5950 3092 3800 5621 3633 6142 9163 8395 8307
5 7833 2090 6093 8111 2041
10 2849 6928 3201 1499 6748 4455 663 4313 4745 4294
16 2772 4397 3383 2640 6643 9554 3467 120 6189 2493 6390 2134 4707 7348 1635 3082
15 7643 6959 8829 8540 2238 9975 2175 4191 4865 2307 1338 9316 3957 2215 8268
13 2440 9136 3333 8293 95 9616 6841 86 3886 1272 3927 955 9596
9 9049 4949 6485 679 2179 751 8475 6988 561
15 602 2550 4503 9966 472 5366 7472 4665 972 3603 7130 4368 4509 8414 5025
25 7080 5237 8083 7176 7203 9909 8564 8609 5446 9892 2433 2435 5439 5301 1120 8040 9634 3336 8147 3402 9793 1444 6875 3690 4513
9 1572 6557 3501 6868 9986 4290 7766 7733 3359
76 4523 1100 1278 2535 2001 4641 1242 4958 8944 5547 7536 5983 1564 5279 5480 9821 9855 4906 2852 1097 8826 5848 2682 1029 2204 8796 8422 7184 2193 6594 14 1673 4610 8461 884 4847 755 5498 1710 599 9730 3945 7070 4778 2676 8301 1324 6196 3307 9305 3133 7224 6501 3447 6911 2553 9978 2812 218 8533 4138 1543 9679 4196 8880 103 2119 1255 5845 2959 8092 8216 3580 5273 6301 2894
71 3123 5149 8927 7358 4034 6351 3845 8766 721 813 132 9121 5670 3281 1174 5274 2064 1609 8974 5879 8689 1668 3546 4153 7935 2857 9809 7554 8231 7589 1490 7612 4578 522 153 7102 7556 1221 2714 1453 8029 2181 6712 5385 3615 1806 6020 4770 1510 1696 2347 3053 5518 6281 7897 1686 8777 6832 7730 9285 7738 8077 6798 6823 1010 9358 1350 9782 2528 4821 969
4 3249 8568 6966 1208
8 6130 5675 1322 4387 3185 9197 6111 8498
7 2223 6481 4304 9087 2818 4425 3661
24 2209 9594 1143 328 61 429 7724 3238 6470 658 4211 6311 6028 769 3349 4674 9971 2075 4791 7294 1559 9607 212 1793
23 6340 9417 3921 9956 6292 8992 8957 216 6859 8679 1368 3489 9848 9415 7405 3654 8993 1269 8325 168 1876 379 4525
65 7662 5613 5245 5555 6623 3560 1614 6973 7575 9428 9719 397 4942 1198 7359 2313 5176 2281 1081 5100 6666 7942 8369 9979 6954 6098 2998 3705 4603 9455 5075 3461 920 7053 8373 7702 618 7994 6725 1156 5980 4595 5605 3761 6373 3142 3032 2934 8287 6986 3224 6782 9886 5402 3154 8782 127 5491 6415 2467 4585 8631 7775 419 6627
14 138 1191 1062 552 8952 26 3099 5461 6407 3150 1890 2258 6389 7877
13 2446 877 2500 8279 7058 8621 1065 2880 6259 7274 6241 6239 8647
16 9581 4870 1862 5376 387 2790 2724 5840 8963 8452 1476 6401 1987 3270 8209 2438
25 1808 2330 7475 5898 5263 9621 462 4642 9362 5253 4799 3969 6605 7420 5143 4024 3739 8157 543 2566 316 3910 2294 6769 2367
69 2586 8356 9755 2472 5534 8261 6516 1465 1659 7679 2401 7361 8494 8365 3858 6738 141 3724 4885 230 51 6800 9526 943 301 5770 4428 781 6192 7509 863 6006 6156 5104 6365 9996 5026 7514 5013 8425 3594 2087 9726 7479 5034 913 8930 6095 129 5920 723 1953 7933 8075 4029 5017 6431 1812 2311 2170 8776 7968 2143 2850 1001 1212 6279 9958 6148
21 9888 2152 4996 6482 8375 5302 9499 4432 7812 1168 3771 6114 1781 7210 7270 1791 6587 8114 3531 6632 960
70 9111 1788 5944 9791 7439 5794 3005 2140 3612 9076 2841 9907 4867 8991 8834 771 7393 1420 1836 2207 1007 7709 3835 4201 8573 7000 76 2705 8665 4402 7620 3390 6291 6208 639 4332 2015 492 4955 9893 2407 354 2929 9706 9144 6528 3337 5641 5494 9926 1475 423 6840 7055 4319 3688 2405 978 9962 8846 41 9774 4827 7817 6157 9015 5204 6088 5486 4275
12 9543 5041 3268 2185 4676 6653 183 5037 7236 6877 6326 4705
15 7633 6931 4766 9128 6550 8119 9349 2968 9296 1954 5836 4014 4977 4576 4901
15 934 8246 3643 4910 571 9096 8108 250 6263 6856 7776 1889 1867 2412 3409
73 7320 8592 6102 4082 6779 5351 8958 9184 3556 4672 3192 4938 6160 7455 1207 1011 3743 6574 7400 8967 9057 5766 7990 2121 6388 2404 9464 8137 4829 5220 7431 2077 7757 4080 2034 6714 386 255 6724 4085 2133 7635 4763 6777 3566 46 5866 4041 1072 3990 1989 3977 5776 7220 2383 9069 3614 9878 2938 5569 6495 8750 4352 9916 7861 371 4556 4526 3857 3188 9255 4331 7527
3 6096 2918 7932
17 5588 5503 9584 5908 8625 7957 9915 8553 1603 2707 2892 1172 4667 5663 1362 3087 4971
33 2265 7794 9248 9942 4481 6416 1051 1644 5066 9451 8627 5838 2722 8150 5119 5514 9720 2100 4921 300 8931 5661 4658 7432 6352 4511 7884 8656 2361 7057 9298 9048 9744
18 3423 8870 2005 1818 1410 5349 9079 291 3405 1239 2236 7381 6049 5556 1167 8154 1852 3490
68 7851 3929 6857 6664 5881 5895 676 5005 7482 5797 1612 6816 4703 7988 5167 3480 2194 4194 8042 4110 7304 5070 2055 2011 7863 9964 8861 4147 2019 7532 7623 7948 9091 2151 1416 2757 407 7221 1736 5331 3327 5295 7208 2460 7041 9088 5271 7434 3980 6679 1628 9948 8902 983 8823 9450 9523 1333 4412 4274 6184 3030 1136 5779 3080 7063 4678 647
12 9988 9814 7969 9606 2186 5226 7078 4691 3813 9375 6318 5924
11 6950 4236 5938 8885 9052 3844 6410 837 2536 567 8683
20 5260 2960 6115 5288 1273 6023 6468 5321 1200 139 1617 4416 2104 6408 2203 1119 621 4026 6397 4592
79 102 276 2963 9416 6237 3455 4573 4408 9625 7022 2609 319 5218 7227 2679 4025 6230 8469 1692 790 5601 3892 6183 4544 7958 5347 1935 403 1126 6024 2675 143 2551 9118 1358 210 6624 3437 3897 9098 5642 5447 1117 9553 3325 5150 9928 326 5636 2192 7959 6346 8021 2787 8676 9402 8428 5932 1311 735 2896 4366 9524 2269 2478 9134 8522 7856 8272 5609 7837 9444 4586 1345 4235 5635 2406 1177 2084
5 7584 1192 9042 3731 7231
8 4967 5653 5574 4250 5522 2761 2171 2800
81 8097 8472 3698 2085 8790 5157 6994 5457 8581 926 9338 2303 8723 9737 1671 4679 3742 2547 1708 7195 9703 5811 527 9906 6368 1176 4081 909 3806 8807 8650 3108 3389 5978 6607 2224 5539 5174 8158 5252 9405 4299 5464 4742 1823 1043 6193 4464 3017 2081 6645 9373 8357 7862 5922 8101 1183 5234 7754 2177 1297 3459 787 1800 4271 6002 1939 7090 3451 9687 5844 3970 1313 4256 5930 4063 9802 3107 3952 722 9895
72 3815 8546 9727 1468 896 5020 5348 5435 7110 3854 6309 1944 1821 9084 4247 4289 7765 3774 3313 9842 5175 4728 7672 1908 7108 529 6763 2314 7150 777 7043 643 8338 5191 1866 6545 4727 999 2364 9021 6962 8313 1523 2723 4861 1087 1940 7225 6131 9532 5576 8163 4000 1586 4265 7666 6335 6248 1470 8197 2990 1227 1881 4384 3652 2291 1150 8514 2936 2783 1911 1445
32 295 3665 8983 5721 2940 1809 3953 9268 2049 2166 9678 4597 5647 560 54 7928 1163 2124 3356 2416 709 3695 9845 3849 6892 6228 5202 7075 3211 3672 2753 8200
22 5455 5566 9836 9033 5182 304 5654 2053 2450 2674 6854 70 6253 4160 178 8109 4851 9359 4011 2324 369 6883
62 5798 8394 9850 457 6778 5815 9219 3331 2013 9937 4104 1677 3091 164 5596 3513 5296 5084 670 8289 1980 5059 83 84 7950 1747 5411 2686 2743 1262 3609 8140 169 8031 1887 3287 7626 3184 1213 7285 3263 6589 7403 9341 155 9682 9656 8789 7998 7601 1786 4798 7970 9579 4270 8918 2371 9650 5551 9643 9982 7010
13 1386 2517 2042 5883 2138 5682 3225 2782 2735 3141 1637 9784 3143
46 9351 4015 3040 996 9182 3745 530 8274 8700 4527 7462 5397 7761 8213 5096 7824 5124 1915 6585 9628 1489 6429 6735 1968 4551 2225 3657 6644 2889 2432 6302 9683 8702 1720 3754 9017 5927 4837 7710 3976 8767 7506 9496 7658 7197 5320
6 2098 2769 6113 2647 8144 1771
67 9159 2752 4545 4003 8680 1304 5012 6385 4292 8391 2924 8047 9952 8437 3131 8604 8721 9287 2235 406 2082 5962 1905 533 278 1535 6075 3599 6078 5248 3571 3884 2321 8667 9345 9085 438 2974 9386 4225 7193 3862 9210 8888 3627 5089 2612 9977 4039 7505 5615 2095 4664 5819 6533 2308 2828 8582 6266 3589 9388 4832 8768 9873 7886 5638 3708
6 6613 9460 5387 1839 8760 5341
3 4114 3623 1941
4 4960 6655 4514 4111
14 7427 8184 5130 6785 1860 1076 9242 8754 9803 7893 2372 9061 9433 3374
7 8849 7494 1956 1531 8063 2555 6233
75 4065 7132 5968 2966 375 4718 3755 4495 8634 6616 3669 9272 5784 7356 8377 2142 3156 7703 6097 4095 1837 5311 7753 6354 8284 4212 907 9618 6809 6721 8842 8436 8509 8348 99 8780 8990 4434 7673 5199 2411 2070 6953 7578 1366 8300 8138 8208 5164 935 3787 9275 9114 6477 8635 2831 783 6139 4012 8788 7125 8940 8712 9542 3734 5734 7246 8986 8270 936 9555 9431 1185 697 6479
75 3042 6791 7689 9825 6566 6658 5925 3326 7369 5512 6186 5935 9733 576 3487 1872 2078 5951 7906 384 7282 5289 5834 8337 9303 9458 7288 9261 1482 8489 1353 3896 6380 7909 9264 3650 7206 2945 4557 2806 2333 2029 9779 4618 6788 2898 1844 6349 6067 5004 2356 3900 2443 4485 5300 808 4624 7342 3998 6040 2862 8979 262 2105 166 5215 8743 6320 2594 4963 283 5953 9969 2149 6575
23 1587 8797 4937 5400 5680 309 4181 5318 7488 8257 1521 2298 3335 7513 7142 1721 5015 6836 5581 9344 9292 8764 3725
53 1109 9328 1359 4632 8026 736 8624 8833 3417 2394 6027 4323 43 610 3647 6912 4174 565 5382 2373 8859 2656 3416 5869 1102 1352 9381 9796 4414 1488 3723 2216 2975 6110 4819 6957 1058 650 797 1357 5872 1078 8308 5232 8302 517 6506 5536 7553 5216 6513 2623 7917
27 2851 9804 6744 8292 2470 3770 4325 5502 5976 4396 5407 6715 4262 2028 6914 7275 838 7491 4855 6100 9666 2861 5858 1157 9843 6243 7034
10 3511 8851 5166 2710 3019 8055 9812 9127 1090 3779
18 8544 6746 8281 5022 2838 5353 3644 8488 8911 5739 3711 8262 3865 1516 1346 1738 1690 8898
10 4398 9960 4066 2815 1588 4134 6793 7925 7300 945
5 333 2655 9945 5589 8985
2 9832 3974
3 3660 2923 6878
13 1641 1377 1271 5756 1414 8442 9477 2745 7038 1052 8926 3559 9023
72 666 5147 523 8297 7986 931 6421 6822 7974 1095 930 9223 8737 975 6419 8518 5861 6652 1039 7291 8617 9593 1395 7873 4284 8448 5905 4599 1698 4986 729 9959 7586 3786 6439 9598 6991 2312 3319 5810 4070 248 1190 772 4405 2696 9226 6608 6144 6852 2669 8853 7827 2978 7287 8802 4369 4360 1279 6569 2667 6052 5849 1550 2031 1991 3901 7608 4771 2494 4300 4964
16 9714 7096 702 1139 3694 9811 1124 5151 8714 9777 5313 927 3780 720 8659 3250
10 8551 8545 4068 4769 7244 6030 2961 4491 2277 6089
2 9145 3162
5 13 6597 1751 3009 902
10 1141 9322 6849 802 131 9507 6803 5979 6654 9041
6 5919 4009 9963 1740 5224 1451
12 2805 4239 2469 952 9093 5659 5793 9368 4277 1070 3938 5725
12 4141 1348 5553 3703 2188 2397 3975 3314 3435 2878 6448 2256
58 6424 8740 1816 3618 7798 1804 6060 9367 1885 3889 4276 5443 9283 3370 3213 2462 4149 9852 887 2299 4609 7079 8271 8199 6789 19 7325 9142 9234 6641 7269 6383 1843 146 1232 712 9623 823 1112 2694 9291 9766 7119 4459 3196 2510 7107 9244 4872 8024 7008 6404 7593 5877 7315 6596 7215 2249
13 6808 8850 1080 1913 6710 3999 2688 1343 9541 9245 1685 2638 7551
7 7136 3757 3292 8046 208 93 3434
12 3363 4246 2795 9635 5740 2767 3707 6681 6255 3486 2708 7166
17 2378 7569 1704 3411 4869 4825 9158 3732 9807 9614 3475 8397 6219 2816 7535 5926 9904
7 654 1753 2698 5069 6369 1091 9778
9 3256 2198 7448 5999 1448 3001 9993 3497 8863
65 4852 7539 2335 3579 8566 3951 7084 4710 5082 7279 6580 9329 7605 9745 4550 6979 2680 1121 4264 4577 5508 6989 4293 4720 8813 2044 7949 3721 603 2645 9008 57 2869 4139 6539 9409 9659 9587 5272 7023 9530 8496 9009 2871 8091 4675 3749 4537 9503 9905 9881 9953 4584 344 6828 7386 4682 5294 556 5507 1697 4254 8265 9558 9307
8 7426 9622 9583 2027 2060 6629 8051 8451
6 1769 7707 8074 4251 3392 7344
77 9282 3937 9224 2614 2141 3744 2746 9549 9165 2359 7719 385 1998 150 2853 6218 1253 7202 409 3340 4792 5749 532 3286 4101 9067 9497 2276 9833 3926 3449 8384 2973 5833 2617 3894 5006 5804 6220 7385 4328 7898 5958 1848 8034 2899 9156 7510 2402 1252 9171 7504 7814 6831 1388 3593 9722 7339 6489 6661 312 8685 3510 7713 4381 192 3796 9586 7002 8928 7965 824 6830 4419 6537 411 5517
57 8099 2583 9166 3899 1779 3919 2252 7650 7790 3275 5714 9229 1238 4487 8933 3544 4831 6515 4520 6210 4782 1589 5803 916 3464 9311 5027 9299 9411 6338 4614 1050 8310 595 8684 6526 2112 967 5111 9102 8030 5995 5437 9108 4336 7734 5660 3572 2498 6169 7223 3045 2925 624 511 4037 6091
14 1965 3104 593 8884 6902 7377 4835 2877 2577 710 6137 9501 7233 3872
12 746 9887 3628 7922 6363 5416 4263 4900 8758 9717 8023 6602
58 6845 9054 3782 6600 6765 477 2037 780 4716 5868 7728 7086 5867 7777 2410 8791 1098 1310 4785 4334 5045 8878 2153 7830 7237 832 9389 6471 7557 1636 5299 6968 6438 2110 3004 17 5415 2022 5616 9269 2366 5762 7182 5902 5649 6066 1859 4608 8749 5882 6308 5685 321 2895 5178 5470 1596 7234
2 6885 9839
9 962 5197 7087 1131 2637 4969 2266 2097 6895
7 4322 4568 850 5658 8661 8278 1929
11 8407 5388 726 8969 3396 7077 7919 7114 4839 6034 4007
61 7822 1925 3471 5910 9816 2144 5048 1838 2424 2739 3271 7853 2125 5378 1383 3799 9427 8843 302 9647 744 5038 4498 1480 2997 6035 4429 6529 1284 8064 4920 7454 8998 8065 6848 9569 8188 2340 8818 3081 3729 9686 2721 3015 9557 2976 196 8981 8165 4913 3962 3072 5736 950 2456 7399 8619 2157 3048 6576 7649
63 8595 1030 9589 3503 1285 544 479 2971 8872 1558 1631 8910 53 7870 6267 1898 9172 1485 8876 3678 7330 1360 8067 5329 7525 3982 2389 2842 9233 1621 6026 1963 245 7007 8688 5479 6146 9103 6649 8804 1845 211 4686 1180 4508 8405 6108 1019 6465 7490 9572 3687 8810 7542 1454 5276 5618 8784 2786 6673 2349 3818 2504
35 8057 4392 2399 8282 8588 3648 363 5189 6412 886 5501 9089 285 2625 3776 8839 5431 549 6381 7160 1026 3793 8806 7391 1922 6031 2875 8905 7252 1005 4038 754 5538 3588 8694
17 993 1512 8903 3302 7636 6474 8950 8613 3177 4655 9457 2943 2050 9332 6449 5768 9528
15 9321 4715 1795 7866 9936 8741 1411 5312 7993 5975 597 323 1218 8894 1988
75 7828 6330 27 9027 1165 4302 606 9546 4350 9943 4315 4953 2477 5159 3304 1317 7670 3262 6171 3431 7068 5291 4892 5352 9228 5249 3284 7025 8925 4617 9002 305 7167 7044 6362 5982 6170 9140 7248 3085 1502 9509 9626 3031 6127 1748 742 3217 2172 6913 3206 757 4620 9306 2102 880 6799 2302 4510 4884 7332 7544 3369 2448 1449 5161 5092 6496 2556 1653 9827 9941 9932 3595 9478
35 9155 4107 7487 170 3518 3620 2664 9289 4588 9885 9203 9970 3454 7573 179 3485 7396 2093 3717 1115 1634 3311 4224 7435 9869 6722 7174 7474 7066 825 3529 2582 9799 4188 4329
11 2452 3119 9459 7177 7723 3904 2310 6553 8953 8484 8011
79 9215 2765 8207 5545 8003 968 4151 6445 1758 8277 7667 8651 4183 7691 745 7441 1302 74 3500 7745 4542 9363 1104 5314 9689 5309 3631 6813 223 4430 5874 6187 3269 9279 831 1142 9326 9681 1507 2387 3499 5040 1403 6494 8396 6739 8259 4404 6307 7398 5891 5893 4216 3115 7113 9649 8411 9691 3577 9348 6659 5665 6077 7453 6943 652 1765 731 3760 1015 8501 1270 7470 5050 5897 8443 1773 7534 7688
21 445 5939 779 3391 5144 2024 2167 3804 5095 6451 4113 1567 1511 5541 263 2200 4645 8155 2173 7293 4849
77 5354 1942 2332 2365 3443 8572 2908 8022 3520 1657 5105 3158 1193 3069 8593 3229 5035 1419 5036 4140 1045 8907 4316 3174 3795 8115 6684 412 1294 4199 6414 1894 2741 2283 3343 4125 6518 1495 7353 5003 9567 3408 9266 4451 9901 5047 7507 1332 2180 5469 1381 1155 137 2619 963 8179 3478 4255 3848 2926 8058 3943 7281 6920 3354 12 1981 448 1295 9573 1211 6149 2879 9768 7341 582 8194
13 4760 4501 2241 8934 8389 8441 6675 8655 4726 7663 2117 7501 5873
5 3236 9498 8431 2633 5018
18 2993 2156 1036 7992 4575 1947 7617 7966 1323 6524 7850 2585 4685 6732 6843 3504 3748 6051
22 4804 2777 747 7253 460 2048 1429 3291 9761 7430 3332 4278 675 5079 3151 8873 6456 1319 2164 8589 6498 4339
29 3233 3210 5903 5917 4214 3867 6620 7742 7232 2642 690 1012 1937 4517 940 4380 9987 3083 7852 5489 9968 696 9330 3285 4364 1990 5707 5723 1363
83 7914 6117 2736 1049 4186 3898 678 8575 9391 1055 7375 2608 4231 365 3619 9795 484 36 9990 437 6764 4864 6015 2558 594 2725 648 7387 2325 2897 8815 7404 1796 8639 7792 918 9902 2845 8787 5373 958 2219 775 4492 8837 985 3824 5123 3261 4187 8331 2208 9237 672 3357 6734 458 5364 3726 3965 4462 296 11 8739 1527 5599 9342 455 2214 5261 7618 2749 9045 574 3940 7705 9474 3826 3403 5991 6017 7756 7456
53 5062 1539 3693 2954 854 8919 1772 3266 785 4817 4162 1931 5060 2131 9473 774 3428 2023 9105 7971 7497 7920 1041 5814 9146 1646 9132 5019 7461 8127 1997 7306 8606 6339 8515 2264 8002 9517 1361 9828 8060 2306 5586 340 4354 8583 2957 1503 6647 6121 7911 6202 6014
10 9858 4671 4807 5472 8486 5355 2651 4816 3841 1184
11 671 5475 2069 6767 3836 5322 2760 6282 5546 2639 4991
57 2711 8364 9992 3701 4067 5127 6756 1250 8584 4355 9540 8569 8462 2021 793 8874 465 7268 6697 5964 7267 6310 6213 5854 5073 58 4943 1706 1261 5956 112 7271 9877 5651 3378 8016 1006 7634 1992 827 4663 8275 3626 3655 8485 6080 737 566 2537 2523 2067 2776 8402 3530 5240 5674 5921
7 2636 4088 5128 106 9240 7630 5239
3 2672 1491 3212
9 4473 846 9257 108 7458 7351 2748 339 3193
8 2652 7179 3505 432 5126 3830 7036 4373
11 1472 4349 1893 6299 1810 8367 508 463 348 5267 4698
9 558 5325 2058 6205 4048 3465 383 4521 6357
8 6638 7781 5113 7392 7547 1864 4915 7690
13 9211 862 6425 915 7516 4273 7278 2541 8235 6559 1096 4988 9896
68 9872 7606 6890 5345 2858 2384 8327 3907 2352 3410 9590 2018 9489 6522 6826 7981 9853 9949 4931 8483 2955 8013 3110 1000 8562 4914 9871 7459 8775 7242 2657 8883 1853 5786 361 4934 7159 4106 3960 7836 1640 5640 6900 4301 3012 4233 9834 9840 9333 9652 6560 1514 2991 8203 5582 1731 1762 2514 3457 2904 5667 3645 9786 6650 4635 8805 6216 9600
26 7735 3704 405 9336 6970 2519 2334 7338 2457 7062 9056 9771 2522 3484 6191 4028 2935 4873 8611 5852 71 9068 3321 8334 1879 7622
53 5370 8653 5583 5966 3316 2169 7331 9454 873 1217 7607 4307 1865 5506 901 8642 5568 7046 8330 5533 5404 2355 115 600 1292 3246 5379 4669 9325 388 8087 3928 4094 4305 4924 608 4806 9028 5722 4013 9610 7687 2025 2953 3946 4908 8110 8682 7938 1875 7533 98 7417
1 7418
20 306 6818 6660 7858 7152 2572 1486 3328 3522 2123 2400 3468 3202 1484 6969 8819 1315 7187 7722 2254
28 3968 6671 7984 2914 2738 2763 1265 4911 3414 4987 5697 6896 6984 8612 4220 6194 7469 8280 8951 1331 5558 7977 8088 2285 3713 5702 7644 9253
60 3611 1595 4338 5934 8565 6402 8733 5855 9967 8765 9241 555 5619 33 2771 8423 4017 7597 9267 2802 5350 8008 9545 974 2382 3368 4090 2984 6772 8124 9673 4845 418 9513 4482 5487 912 5816 6964 9195 9711 8735 1534 622 3070 9167 1841 1978 1237 25 4297 7050 3906 6573 4643 7934 5042 8887 5666 1627
64 8039 5467 6214 4259 7695 2418 5537 667 3866 4050 1380 3347 3267 6618 1562 6167 4377 800 2289 8458 1427 6256 9921 3863 4223 1023 1680 4612 8722 4583 8142 2893 8871 3684 7692 7888 7155 9674 6050 5692 9471 9480 3773 4886 260 2641 8059 8173 9550 3712 5380 8084 160 2885 4936 7192 5870 5526 2008 3101 3279 9423 8816 7364
16 9284 1130 9984 4 6374 5456 5448 2137 2218 4030 2468 456 513 3528 2797 2369
26 8315 4303 8745 6547 4758 5969 4413 5523 6824 4997 6188 2513 4178 881 6862 8347 5791 8145 6882 9370 345 3251 1950 7074 1995 2328
7 2823 9446 6001 9747 5310 7603 7088
28 9925 2305 3932 6382 3295 9150 6444 2768 5177 6033 9110 7082 7939 5699 8734 7785 3134 239 8686 481 4959 6688 5711 6181 4580 1385 2345 1022
85 3198 8440 7395 1113 9646 9930 6234 6284 8445 1462 504 4788 1412 8093 3297 6752 9380 7316 6535 1871 9231 4363 3545 7503 4990 3273 6814 322 2900 5063 9135 259 1418 376 4918 6873 1667 8550 4723 8713 6350 1057 4800 3820 7881 5957 3885 840 6695 9701 9429 6604 495 6894 4982 1775 5888 5172 9013 8010 898 1857 7128 809 5677 9277 4367 7604 1958 7280 9912 2706 4981 3959 6881 9615 9580 119 6974 9838 3555 3876 7652 4131 233
6 8404 7030 8415 5529 3172 6276
6 6021 7639 3775 34 9407 1082
11 6891 6982 4084 2917 5757 1555 7696 1170 6514 136 7085
55 1660 2847 7708 2442 1066 9891 5116 5171 5436 1441 3242 3300 473 4694 4145 7105 2280 3508 2426 6976 5282 5198 9704 1046 213 4365 7069 8982 2292 7591 5631 7064 2702 4670 6549 3296 6923 9086 9605 9374 6899 7520 6662 9025 20 641 8363 8792 2273 2099 8225 6598 5392 7492 8392
27 9742 3720 9591 5213 417 7317 8036 9658 9153 1259 3398 7614 360 6918 9412 8505 5083 3846 5281 865 8435 9010 861 9424 7124 2475 3073
67 3145 6003 703 1542 7201 9235 933 3132 9800 3801 7725 984 4230 7171 7033 7758 4970 101 2568 9077 583 9426 5236 812 842 6336 1286 7762 1582 1116 3915 6004 5807 401 3230 6536 4206 1202 2089 3022 8881 1443 7360 5091 5009 1951 4905 7477 856 251 749 6972 4619 677 9080 6762 3985 5032 7764 7123 5717 6038 655 977 6413 8945 531
37 4049 7566 839 4122 498 563 8778 9785 6910 229 5713 8250 1283 4553 4948 7239 5228 4116 3651 3934 9186 5401 5802 3532 1792 4579 3364 5064 9247 2946 7443 1320 2231 6120 9867 4372 7624
13 7313 2607 7235 5889 9743 9019 6016 1760 792 5857 7944 8943 7803
75 9340 6092 1417 5612 629 4636 9773 4530 147 9961 2770 6036 9183 5639 4465 1725 2403 2843 4158 6037 3637 1526 9012 9502 39 8824 7941 3241 6811 3778 5664 5427 2589 4371 2671 6072 1054 2581 2658 2697 8217 324 4035 8491 4787 1591 1201 4846 165 1159 1605 921 242 2421 9789 372 7714 5342 3842 3237 1266 8559 8164 172 2848 2999 4793 5591 9100 6680 8470 5473 1868 2497 9697
18 750 3181 5595 3630 1835 2570 1745 7116 5251 3388 394 858 4382 3010 9676 2272 9657 1031
49 1415 811 4757 928 2524 8906 2930 2195 1756 5052 7065 9898 2613 689 8728 1032 1749 1899 4021 5578 1034 4992 6948 8752 568 5346 4258 9214 2290 4780 2882 1624 7563 347 2174 9715 4932 3358 9335 1479 4490 464 8218 8770 6932 2902 2634 8879 7796
13 601 9246 144 1681 2622 4673 185 2574 3376 8554 8343 4615 4228
10 2414 8434 2304 3722 343 5683 9750 8536 1303 5118
12 1938 5535 2785 2205 5875 5772 1777 2061 7024 9767 8374 2670
10 8579 4754 1976 5580 6244 5904 8355 7073 5624 1017
9 4661 1554 1933 2559 2398 7371 7926 8774 4135
69 8724 2803 3324 1257 5822 9308 1307 6472 2654 5856 9835 7037 3506 6707 4898 9092 1618 1371 6018 5579 133 7104 5611 9217 2666 6398 6147 3674 1496 2315 9387 8226 3552 325 9465 4389 1471 6054 6314 9566 6870 5745 6118 1251 346 885 7562 5190 2865 6981 5686 7486 1580 859 1626 3547 1576 6041 4947 1464 4552 8236 8771 8132 2901 9404 7049 3517 5193
9 4574 4808 9175 5520 4640 1132 7093 3638 3549
12 5552 3312 8530 3557 7952 2346 2489 794 2114 2981 48 4378
53 7760 1387 4433 281 665 598 2396 4926 2323 6211 791 5201 1344 5587 8526 3430 6277 8476 4647 2891 5292 6378 8222 8189 4602 2546 123 6611 1456 8534 8720 4453 8626 2484 5179 9026 1478 3750 9468 3002 8772 1811 3948 5812 6916 7100 4695 9452 5280 5029 9018 3436 9346
8 1817 1492 3551 5949 449 3047 2740 6942
12 3902 9820 3987 2350 5990 5760 7916 9690 3035 7907 900 2480
69 8085 1807 5511 6155 6509 9806 8936 4697 2873 2279 1229 5125 1340 674 7927 8322 4229 2071 4272 2931 2590 7345 997 6648 1389 237 3685 6174 9824 5720 4157 2837 6540 5565 3129 6977 7834 834 2660 9998 6387 1619 3916 8312 4333 5623 3874 7311 1982 3613 4449 6702 8045 632 8527 6011 7121 4531 638 497 4895 3345 181 5789 7537 2016 265 2296 3232
75 4801 6543 698 9130 8162 1222 3871 4809 6615 2161 1028 4370 1883 4929 4163 6225 4844 7334 2255 5442 8801 1085 9280 1962 6915 6457 1774 4633 914 4177 2527 5737 9047 6204 56 4406 4103 2113 7410 2754 8537 6232 6140 8457 4554 2628 433 728 7736 8359 4242 5243 5316 1669 3163 6887 5337 4450 8043 2844 6327 2571 2088 8416 4237 7729 3474 3366 2969 1851 503 6179 496 8670 63
69 7613 6729 9756 502 8052 6925 7151 8820 294 1923 73 35 4486 7800 9571 311 7592 9808 8638 1532 3989 8511 7091 1309 4882 4515 1919 8956 2390 2014 1642 5909 8601 3096 8882 8942 6757 5622 4240 52 4043 9653 5672 2246 6967 7373 3751 122 6934 410 1699 9259 4342 9514 7019 7595 2261 4877 616 9563 6637 9900 8317 2814 8387 6371 2716 8465 6614
21 2563 2864 8432 336 404 215 5222 7409 3379 7284 2052 872 644 5106 5395 2685 8538 6993 1056 6908 635
7 8644 3772 2649 6258 3323 9059 9216
7 4634 5564 1210 107 3299 545 8181
9 3075 275 8841 6283 7755 2274 1219 113 1374
32 2648 3235 9787 8120 2003 9817 1178 4156 3716 7773 738 4903 4093 7768 9910 741 5405 9372 228 6612 1544 6829 1847 9185 6544 5606 2939 4471 1068 3056 8495 279
17 8090 3339 9529 3880 9922 268 4786 6247 4972 7797 5283 5414 988 5753 1501 8716 2620
30 3562 816 626 9492 2512 4650 3350 9636 1600 6313 919 8072 7668 8368 6622 2868 7347 3203 6274 8645 8005 8398 1679 358 4652 7847 715 2062 2463 6047
59 929 9157 7216 8543 4944 6231 8464 6168 8204 8130 7621 2106 1575 1770 6817 4454 4044 8004 2947 4341 4684 5304 6460 1003 2033 7388 7809 2967 1103 2549 8578 4146 5648 8370 5205 1231 3728 3539 8674 6270 7372 6019 5961 3864 2074 2160 661 7972 8672 1877 8965 2329 5729 2444 7362 5054 1533 5823 1199
9 957 7175 5967 3534 8286 3763 1541 9924 2659
45 9890 9913 6766 6367 557 7493 8490 9290 4280 6226 6930 1173 5590 1537 1351 3596 2229 8997 6558 3964 2035 4234 786 3523 3526 890 267 1966 6917 3257 10 4468 3426 2360 6086 2962 6201 8994 8018 1975 1820 5471 8916 2616 8105
21 7256 7574 9470 9522 1590 4192 1299 1118 8309 3166 1683 203 8832 2092 6728 3629 3616 7571 2529 1105 3161
15 8698 5326 1196 2000 8781 7894 659 5207 3050 2872 3961 7700 4750 6180 5227
26 1466 8324 7259 2242 2076 4059 1013 2392 6593 6103 2376 3219 3207 3308 451 6821 1638 5481 1399 518 6480 7947 4789 8360 4916 7326
18 1187 9443 6980 1040 910 5942 6677 4165 9831 8176 590 6703 2591 4394 9619 2220 9613 4257
62 5524 7511 3991 7115 6046 2459 5516 3811 5244 6278 1293 6304 8727 964 80 6971 7869 4137 2183 257 9562 8206 9654 258 9466 4375 8482 1406 9250 3983 2342 1552 3470 5485 7737 8336 5389 3276 8984 7963 7366 4285 1432 5099 8738 8014 4426 6273 1277 1538 7647 732 7164 860 7741 9748 8744 4540 2668 6055 9918 2507
26 7901 8399 1924 8668 1688 5169 6487 6939 1903 8671 2259 2420 8161 7241 7640 1733 7170 1384 9775 4772 142 8531 4912 8922 5140 932
